Started by user Jenkins Admin
Obtained Jenkinsfile from git http://gitlab-webservice-default.gitlab.svc.cluster.local:8181/demo/tasklist.git
[Pipeline] Start of Pipeline
[Pipeline] podTemplate
[Pipeline] {
[Pipeline] node
[PodInfo] build/demo-tasklist-44-cf54p-l8ddh-5q2lx
	Container [docker] waiting [ContainerCreating] No message
	Container [helm-kubectl] waiting [ContainerCreating] No message
	Container [jnlp] waiting [ContainerCreating] No message
	Container [maven] waiting [ContainerCreating] No message
	Pod [Pending][ContainersNotReady] containers with unready status: [maven docker helm-kubectl jnlp]
Created Pod: kubernetes build/demo-tasklist-44-cf54p-l8ddh-5q2lx
Agent demo-tasklist-44-cf54p-l8ddh-5q2lx is provisioned from template demo-tasklist_44-cf54p-l8ddh
---
apiVersion: "v1"
kind: "Pod"
metadata:
  annotations:
    kubernetes.jenkins.io/last-refresh: "1759236498355"
    buildUrl: "http://jenkins.build.svc.cluster.local:8080/job/demo-tasklist/44/"
    runUrl: "job/demo-tasklist/44/"
  labels:
    jenkins/jenkins-jenkins-agent: "true"
    jenkins/label-digest: "2478a378d4e486f086a2c58b47cf3782c8b069cd"
    jenkins/label: "demo-tasklist_44-cf54p"
    kubernetes.jenkins.io/controller: "http___jenkins_build_svc_cluster_local_8080x"
  name: "demo-tasklist-44-cf54p-l8ddh-5q2lx"
  namespace: "build"
spec:
  containers:
  - command:
    - "cat"
    image: "docker.stx/maven:3.9.11-eclipse-temurin-21-alpine"
    imagePullPolicy: "IfNotPresent"
    name: "maven"
    tty: true
    volumeMounts:
    - mountPath: "/root/.m2/repository"
      name: "maven"
    - mountPath: "/home/jenkins/agent"
      name: "workspace-volume"
      readOnly: false
  - command:
    - "cat"
    image: "docker.stx/docker:24.0.6-git"
    imagePullPolicy: "IfNotPresent"
    name: "docker"
    tty: true
    volumeMounts:
    - mountPath: "/var/run/docker.sock"
      name: "docker"
    - mountPath: "/home/jenkins/agent"
      name: "workspace-volume"
      readOnly: false
  - command:
    - "cat"
    image: "docker.stx/alpine/k8s:1.24.16"
    imagePullPolicy: "IfNotPresent"
    name: "helm-kubectl"
    tty: true
    volumeMounts:
    - mountPath: "/home/jenkins/agent"
      name: "workspace-volume"
      readOnly: false
  - env:
    - name: "JENKINS_SECRET"
      value: "********"
    - name: "JENKINS_TUNNEL"
      value: "jenkins-agent.build.svc.cluster.local:50000"
    - name: "JENKINS_AGENT_NAME"
      value: "demo-tasklist-44-cf54p-l8ddh-5q2lx"
    - name: "REMOTING_OPTS"
      value: "-noReconnectAfter 1d"
    - name: "JENKINS_NAME"
      value: "demo-tasklist-44-cf54p-l8ddh-5q2lx"
    - name: "JENKINS_AGENT_WORKDIR"
      value: "/home/jenkins/agent"
    - name: "JENKINS_URL"
      value: "http://jenkins.build.svc.cluster.local:8080/"
    image: "jenkins/inbound-agent:3327.v868139a_d00e0-6"
    name: "jnlp"
    resources:
      requests:
        memory: "256Mi"
        cpu: "100m"
    volumeMounts:
    - mountPath: "/home/jenkins/agent"
      name: "workspace-volume"
      readOnly: false
  imagePullSecrets:
  - name: "docker-proxy-credentials"
  nodeSelector:
    kubernetes.io/os: "linux"
  restartPolicy: "Never"
  volumes:
  - name: "maven"
    persistentVolumeClaim:
      claimName: "maven-repo-storage"
  - emptyDir:
      medium: ""
    name: "workspace-volume"
  - hostPath:
      path: "/var/run/docker.sock"
    name: "docker"

Running on demo-tasklist-44-cf54p-l8ddh-5q2lx in /home/jenkins/agent/workspace/demo-tasklist
[Pipeline] {
[Pipeline] stage
[Pipeline] { (Declarative: Checkout SCM)
[Pipeline] checkout
The recommended git tool is: NONE
using credential developWithPassword
Cloning the remote Git repository
Cloning repository http://gitlab-webservice-default.gitlab.svc.cluster.local:8181/demo/tasklist.git
 > git init /home/jenkins/agent/workspace/demo-tasklist # timeout=10
Fetching upstream changes from http://gitlab-webservice-default.gitlab.svc.cluster.local:8181/demo/tasklist.git
 > git --version # timeout=10
 > git --version # 'git version 2.39.5'
using GIT_ASKPASS to set credentials developWithPassword
 > git fetch --tags --force --progress -- http://gitlab-webservice-default.gitlab.svc.cluster.local:8181/demo/tasklist.git +refs/heads/*:refs/remotes/origin/* # timeout=10
Avoid second fetch
Checking out Revision f659baaa0aff03192220041d63bf6535d251dac3 (refs/remotes/origin/spotless-maven-plugin)
Commit message: "Jenkinsfile update"
 > git config remote.origin.url http://gitlab-webservice-default.gitlab.svc.cluster.local:8181/demo/tasklist.git # timeout=10
 > git config --add remote.origin.fetch +refs/heads/*:refs/remotes/origin/* # timeout=10
 > git rev-parse refs/remotes/origin/spotless-maven-plugin^{commit} # timeout=10
 > git config core.sparsecheckout # timeout=10
 > git checkout -f f659baaa0aff03192220041d63bf6535d251dac3 # timeout=10
 > git rev-list --no-walk befa3a6ebe4c252dad078f45796decdd6f3ff229 # timeout=10
[Pipeline] }
[Pipeline] // stage
[Pipeline] withEnv
[Pipeline] {
[Pipeline] withEnv
[Pipeline] {
[Pipeline] stage
[Pipeline] { (maven package)
[Pipeline] container
[Pipeline] {
[Pipeline] configFileProvider
provisioning config files...
copy managed file [MVN-SETTINGS-XML] to file:/home/jenkins/agent/workspace/demo-tasklist/maven-settings.xml
[Pipeline] {
[Pipeline] }
[Pipeline] // configFileProvider
[Pipeline] sh
+ pwd
/home/jenkins/agent/workspace/demo-tasklist
[Pipeline] sh
+ ls -a
.
..
.env.example
.git
.gitignore
Dockerfile
Jenkinsfile
Makefile
README.md
docker-compose.yaml
docs
maven-settings.xml
owast.md
pom.xml
src
style.xml
[Pipeline] sh
+ java -version
openjdk version "21.0.8" 2025-07-15 LTS
OpenJDK Runtime Environment Temurin-21.0.8+9 (build 21.0.8+9-LTS)
OpenJDK 64-Bit Server VM Temurin-21.0.8+9 (build 21.0.8+9-LTS, mixed mode, sharing)
[Pipeline] sh
+ mvn -v
Apache Maven 3.9.11 (3e54c93a704957b63ee3494413a2b544fd3d825b)
Maven home: /usr/share/maven
Java version: 21.0.8, vendor: Eclipse Adoptium, runtime: /opt/java/openjdk
Default locale: en_US, platform encoding: UTF-8
OS name: "linux", version: "6.16.8-200.fc42.x86_64", arch: "amd64", family: "unix"
[Pipeline] sh
+ mvn clean package -s maven-settings.xml -f pom.xml
[INFO] Scanning for projects...
[INFO] 
[INFO] --------------------------< de.demo:tasklist >--------------------------
[INFO] Building tasklist 0.0.1
[INFO]   from pom.xml
[INFO] --------------------------------[ jar ]---------------------------------
[INFO] 
[INFO] --- clean:3.4.1:clean (default-clean) @ tasklist ---
[INFO] 
[INFO] --- jacoco:0.8.13:prepare-agent (default-prepare-agent) @ tasklist ---
[INFO] argLine set to -javaagent:/root/.m2/repository/org/jacoco/org.jacoco.agent/0.8.13/org.jacoco.agent-0.8.13-runtime.jar=destfile=/home/jenkins/agent/workspace/demo-tasklist/target/jacoco.exec
[INFO] 
[INFO] --- resources:3.3.1:resources (default-resources) @ tasklist ---
[INFO] Copying 1 resource from src/main/resources to target/classes
[INFO] Copying 6 resources from src/main/resources to target/classes
[INFO] 
[INFO] --- compiler:3.14.0:compile (default-compile) @ tasklist ---
[INFO] Recompiling the module because of changed source code.
[INFO] Compiling 51 source files with javac [debug parameters release 21] to target/classes
[INFO] Annotation processing is enabled because one or more processors were found
  on the class path. A future release of javac may disable annotation processing
  unless at least one processor is specified by name (-processor), or a search
  path is specified (--processor-path, --processor-module-path), or annotation
  processing is enabled explicitly (-proc:only, -proc:full).
  Use -Xlint:-options to suppress this message.
  Use -proc:none to disable annotation processing.
[INFO] 
[INFO] --- spotless:2.46.1:check (default) @ tasklist ---
[INFO] Index file does not exist. Fallback to an empty index
[INFO] Spotless.Java is keeping 56 files clean - 0 needs changes to be clean, 56 were already clean, 0 were skipped because caching determined they were already clean
[INFO] 
[INFO] --- resources:3.3.1:testResources (default-testResources) @ tasklist ---
[INFO] skip non existing resourceDirectory /home/jenkins/agent/workspace/demo-tasklist/src/test/resources
[INFO] 
[INFO] --- compiler:3.14.0:testCompile (default-testCompile) @ tasklist ---
[INFO] Recompiling the module because of changed dependency.
[INFO] Compiling 5 source files with javac [debug parameters release 21] to target/test-classes
[INFO] Annotation processing is enabled because one or more processors were found
  on the class path. A future release of javac may disable annotation processing
  unless at least one processor is specified by name (-processor), or a search
  path is specified (--processor-path, --processor-module-path), or annotation
  processing is enabled explicitly (-proc:only, -proc:full).
  Use -Xlint:-options to suppress this message.
  Use -proc:none to disable annotation processing.
[INFO] 
[INFO] --- surefire:3.5.3:test (default-test) @ tasklist ---
[INFO] Using auto detected provider org.apache.maven.surefire.junitplatform.JUnitPlatformProvider
[INFO] 
[INFO] -------------------------------------------------------
[INFO]  T E S T S
[INFO] -------------------------------------------------------
[INFO] Running de.demo.tasklist.service.impl.AuthServiceImplTest
12:48:36.627 [main] INFO org.springframework.test.context.support.AnnotationConfigContextLoaderUtils -- Could not detect default configuration classes for test class [de.demo.tasklist.service.impl.AuthServiceImplTest]: AuthServiceImplTest does not declare any static, non-private, non-final, nested classes annotated with @Configuration.
Mockito is currently self-attaching to enable the inline-mock-maker. This will no longer work in future releases of the JDK. Please add Mockito as an agent to your build as described in Mockito's documentation: https://javadoc.io/doc/org.mockito/mockito-core/latest/org.mockito/org/mockito/Mockito.html#0.3
OpenJDK 64-Bit Server VM warning: Sharing is only supported for boot loader classes because bootstrap classpath has been appended
WARNING: A Java agent has been loaded dynamically (/root/.m2/repository/net/bytebuddy/byte-buddy-agent/1.17.7/byte-buddy-agent-1.17.7.jar)
WARNING: If a serviceability tool is in use, please run with -XX:+EnableDynamicAgentLoading to hide this warning
WARNING: If a serviceability tool is not in use, please run with -Djdk.instrument.traceUsage for more information
WARNING: Dynamic loading of agents will be disallowed by default in a future release
[INFO] Tests run: 3, Failures: 0, Errors: 0, Skipped: 0, Time elapsed: 2.994 s -- in de.demo.tasklist.service.impl.AuthServiceImplTest
[INFO] Running de.demo.tasklist.service.impl.UserServiceImplTest
12:48:39.397 [main] INFO org.springframework.test.context.support.AnnotationConfigContextLoaderUtils -- Could not detect default configuration classes for test class [de.demo.tasklist.service.impl.UserServiceImplTest]: UserServiceImplTest does not declare any static, non-private, non-final, nested classes annotated with @Configuration.
[INFO] Tests run: 13, Failures: 0, Errors: 0, Skipped: 0, Time elapsed: 0.172 s -- in de.demo.tasklist.service.impl.UserServiceImplTest
[INFO] Running de.demo.tasklist.service.impl.MailServiceImplTest
12:48:39.571 [main] INFO org.springframework.test.context.support.AnnotationConfigContextLoaderUtils -- Could not detect default configuration classes for test class [de.demo.tasklist.service.impl.MailServiceImplTest]: MailServiceImplTest does not declare any static, non-private, non-final, nested classes annotated with @Configuration.
[INFO] Tests run: 2, Failures: 0, Errors: 0, Skipped: 0, Time elapsed: 0.255 s -- in de.demo.tasklist.service.impl.MailServiceImplTest
[INFO] Running de.demo.tasklist.service.impl.TaskServiceImplTest
12:48:39.829 [main] INFO org.springframework.test.context.support.AnnotationConfigContextLoaderUtils -- Could not detect default configuration classes for test class [de.demo.tasklist.service.impl.TaskServiceImplTest]: TaskServiceImplTest does not declare any static, non-private, non-final, nested classes annotated with @Configuration.
[INFO] Tests run: 9, Failures: 0, Errors: 0, Skipped: 0, Time elapsed: 0.157 s -- in de.demo.tasklist.service.impl.TaskServiceImplTest
[INFO] 
[INFO] Results:
[INFO] 
[INFO] Tests run: 27, Failures: 0, Errors: 0, Skipped: 0
[INFO] 
[INFO] 
[INFO] --- xml-format:4.1.0:xml-format (xml-format) @ tasklist ---
[INFO] 
[INFO] --- jacoco:0.8.13:report (report) @ tasklist ---
[INFO] Loading execution data file /home/jenkins/agent/workspace/demo-tasklist/target/jacoco.exec
[INFO] Analyzed bundle 'tasklist' with 40 classes
[INFO] 
[INFO] --- jar:3.4.2:jar (default-jar) @ tasklist ---
[INFO] Building jar: /home/jenkins/agent/workspace/demo-tasklist/target/tasklist-0.0.1.jar
[INFO] 
[INFO] --- spring-boot:3.5.5:repackage (repackage) @ tasklist ---
[INFO] Replacing main artifact /home/jenkins/agent/workspace/demo-tasklist/target/tasklist-0.0.1.jar with repackaged archive, adding nested dependencies in BOOT-INF/.
[INFO] The original artifact has been renamed to /home/jenkins/agent/workspace/demo-tasklist/target/tasklist-0.0.1.jar.original
[INFO] ------------------------------------------------------------------------
[INFO] BUILD SUCCESS
[INFO] ------------------------------------------------------------------------
[INFO] Total time:  12.006 s
[INFO] Finished at: 2025-09-30T12:48:40Z
[INFO] ------------------------------------------------------------------------
[Pipeline] }
[Pipeline] // container
[Pipeline] }
[Pipeline] // stage
[Pipeline] stage
[Pipeline] { (sonar:sonar)
[Pipeline] container
[Pipeline] {
[Pipeline] withCredentials
Masking supported pattern matches of $SONAR_TOKEN
[Pipeline] {
[Pipeline] sh
+ pwd
/home/jenkins/agent/workspace/demo-tasklist
[Pipeline] sh
+ ls -a
.
..
.env.example
.git
.gitignore
Dockerfile
Jenkinsfile
Makefile
README.md
docker-compose.yaml
docs
maven-settings.xml
owast.md
pom.xml
src
style.xml
target
[Pipeline] sh
+ java -version
openjdk version "21.0.8" 2025-07-15 LTS
OpenJDK Runtime Environment Temurin-21.0.8+9 (build 21.0.8+9-LTS)
OpenJDK 64-Bit Server VM Temurin-21.0.8+9 (build 21.0.8+9-LTS, mixed mode, sharing)
[Pipeline] sh
+ mvn -v
Apache Maven 3.9.11 (3e54c93a704957b63ee3494413a2b544fd3d825b)
Maven home: /usr/share/maven
Java version: 21.0.8, vendor: Eclipse Adoptium, runtime: /opt/java/openjdk
Default locale: en_US, platform encoding: UTF-8
OS name: "linux", version: "6.16.8-200.fc42.x86_64", arch: "amd64", family: "unix"
[Pipeline] sh
+ mvn sonar:sonar -s maven-settings.xml -f pom.xml '-Dsonar.projectKey=tasklist' '-Dsonar.projectName=tasklist' '-Dsonar.token=****'
[INFO] Scanning for projects...
[WARNING] The artifact org.codehaus.mojo:sonar-maven-plugin:jar:4.0.0.4121 has been relocated to org.sonarsource.scanner.maven:sonar-maven-plugin:jar:4.0.0.4121: SonarQube plugin was moved to SonarSource organisation
[INFO] 
[INFO] --------------------------< de.demo:tasklist >--------------------------
[INFO] Building tasklist 0.0.1
[INFO]   from pom.xml
[INFO] --------------------------------[ jar ]---------------------------------
[INFO] 
[INFO] --- sonar:4.0.0.4121:sonar (default-cli) @ tasklist ---
[WARNING] 12:48:47.513 Using an unspecified version instead of an explicit plugin version may introduce breaking analysis changes at an unwanted time. It is highly recommended to use an explicit version, e.g. 'org.sonarsource.scanner.maven:sonar-maven-plugin:4.0.0.4121'.
[INFO] 12:48:47.521 Java 21.0.8 Eclipse Adoptium (64-bit)
[INFO] 12:48:47.521 Linux 6.16.8-200.fc42.x86_64 (amd64)
[INFO] 12:48:47.686 User cache: /root/.sonar/cache
[INFO] 12:48:47.974 Communicating with SonarQube Server 25.8.0.112029
[INFO] 12:48:47.989 Default locale: "en_US", source code encoding: "UTF-8"
[INFO] 12:48:48.612 Load global settings
[INFO] 12:48:48.681 Load global settings (done) | time=70ms
[INFO] 12:48:48.697 Server id: A705BF94-AZk9AkQp47l5vLj4kDGE
[INFO] 12:48:48.713 Loading required plugins
[INFO] 12:48:48.714 Load plugins index
[INFO] 12:48:48.746 Load plugins index (done) | time=32ms
[INFO] 12:48:48.746 Load/download plugins
[INFO] 12:48:48.903 Load/download plugins (done) | time=157ms
[INFO] 12:48:49.149 Process project properties
[INFO] 12:48:49.160 Process project properties (done) | time=11ms
[INFO] 12:48:49.169 Project key: tasklist
[INFO] 12:48:49.170 Base dir: /home/jenkins/agent/workspace/demo-tasklist
[INFO] 12:48:49.170 Working dir: /home/jenkins/agent/workspace/demo-tasklist/target/sonar
[INFO] 12:48:49.177 Load project settings for component key: 'tasklist'
[INFO] 12:48:49.195 Load project settings for component key: 'tasklist' (done) | time=18ms
[INFO] 12:48:49.214 Load quality profiles
[INFO] 12:48:49.254 Load quality profiles (done) | time=40ms
[INFO] 12:48:49.265 Auto-configuring with CI 'Jenkins'
[INFO] 12:48:49.290 Load active rules
[INFO] 12:48:49.613 Load active rules (done) | time=323ms
[INFO] 12:48:49.618 Load analysis cache
[INFO] 12:48:49.635 Load analysis cache (2.8 kB) | time=17ms
[INFO] 12:48:49.703 Preprocessing files...
[INFO] 12:48:49.845 2 languages detected in 57 preprocessed files (done) | time=142ms
[INFO] 12:48:49.846 0 files ignored because of scm ignore settings
[INFO] 12:48:49.847 Loading plugins for detected languages
[INFO] 12:48:49.848 Load/download plugins
[INFO] 12:48:50.021 Load/download plugins (done) | time=173ms
[INFO] 12:48:50.134 Load project repositories
[INFO] 12:48:50.224 Load project repositories (done) | time=90ms
[INFO] 12:48:50.239 Indexing files...
[INFO] 12:48:50.239 Project configuration:
[INFO] 12:48:50.248 57 files indexed (done) | time=9ms
[INFO] 12:48:50.249 Quality profile for java: Sonar way
[INFO] 12:48:50.249 Quality profile for xml: Sonar way
[INFO] 12:48:50.249 ------------- Run sensors on module tasklist
[INFO] 12:48:50.289 Load metrics repository
[INFO] 12:48:50.305 Load metrics repository (done) | time=16ms
[INFO] 12:48:50.889 Sensor JavaSensor [java]
[INFO] 12:48:50.894 Configured Java source version (sonar.java.source): 21, preview features enabled (sonar.java.enablePreview): false
[INFO] 12:48:50.919 Server-side caching is enabled. The Java analyzer will not try to leverage data from a previous analysis.
[INFO] 12:48:50.920 Using ECJ batch to parse 51 Main java source files with batch size 500 KB.
[INFO] 12:48:51.158 Starting batch processing.
[INFO] 12:48:51.626 The Java analyzer cannot skip unchanged files in this context. A full analysis is performed for all files.
[INFO] 12:48:53.017 100% analyzed
[INFO] 12:48:53.017 Batch processing: Done.
[INFO] 12:48:53.022 Did not optimize analysis for any files, performed a full analysis for all 51 files.
[WARNING] 12:48:53.025 Unresolved imports/types have been detected during analysis. Enable DEBUG mode to see them.
[WARNING] 12:48:53.025 Use of preview features have been detected during analysis. Enable DEBUG mode to see them.
[INFO] 12:48:53.026 Using ECJ batch to parse 5 Test java source files with batch size 500 KB.
[INFO] 12:48:53.034 Starting batch processing.
[INFO] 12:48:53.286 100% analyzed
[INFO] 12:48:53.287 Batch processing: Done.
[INFO] 12:48:53.292 Did not optimize analysis for any files, performed a full analysis for all 5 files.
[INFO] 12:48:53.292 No "Generated" source files to scan.
[INFO] 12:48:53.294 Sensor JavaSensor [java] (done) | time=2405ms
[INFO] 12:48:53.295 Sensor SurefireSensor [java]
[INFO] 12:48:53.296 parsing [/home/jenkins/agent/workspace/demo-tasklist/target/surefire-reports]
[INFO] 12:48:53.344 Sensor SurefireSensor [java] (done) | time=49ms
[INFO] 12:48:53.345 Sensor XML Sensor [xml]
[INFO] 12:48:53.349 1 source file to be analyzed
[INFO] 12:48:53.472 1/1 source file has been analyzed
[INFO] 12:48:53.472 Sensor XML Sensor [xml] (done) | time=127ms
[INFO] 12:48:53.473 Sensor JaCoCo XML Report Importer [jacoco]
[INFO] 12:48:53.473 'sonar.coverage.jacoco.xmlReportPaths' is not defined. Using default locations: target/site/jacoco/jacoco.xml,target/site/jacoco-it/jacoco.xml,build/reports/jacoco/test/jacocoTestReport.xml
[INFO] 12:48:53.475 Importing 1 report(s). Turn your logs in debug mode in order to see the exhaustive list.
[INFO] 12:48:53.502 Sensor JaCoCo XML Report Importer [jacoco] (done) | time=30ms
[INFO] 12:48:53.502 Sensor IaC Docker Sensor [iac]
[INFO] 12:48:53.565 0 source files to be analyzed
[INFO] 12:48:53.566 0/0 source files have been analyzed
[INFO] 12:48:53.566 Sensor IaC Docker Sensor [iac] (done) | time=64ms
[INFO] 12:48:53.566 Sensor Java Config Sensor [iac]
[INFO] 12:48:53.577 0 source files to be analyzed
[INFO] 12:48:53.578 0/0 source files have been analyzed
[INFO] 12:48:53.578 Sensor Java Config Sensor [iac] (done) | time=12ms
[INFO] 12:48:53.578 Sensor TextAndSecretsSensor [text]
[INFO] 12:48:53.584 Available processors: 32
[INFO] 12:48:53.584 Using 32 threads for analysis.
[INFO] 12:48:53.852 Start fetching files for the text and secrets analysis
[INFO] 12:48:53.856 Using JGit to retrieve untracked files
[INFO] 12:48:57.012 Retrieving language associated files and files included via "sonar.text.inclusions" that are tracked by git
[INFO] 12:48:57.013 Starting the text and secrets analysis
[INFO] 12:48:57.014 57 source files to be analyzed for the text and secrets analysis
[INFO] 12:48:57.086 57/57 source files have been analyzed for the text and secrets analysis
[INFO] 12:48:57.090 Sensor TextAndSecretsSensor [text] (done) | time=3512ms
[INFO] 12:48:57.095 ------------- Run sensors on project
[INFO] 12:48:57.204 Sensor JavaProjectSensor [java]
[INFO] 12:48:57.206 Sensor JavaProjectSensor [java] (done) | time=2ms
[INFO] 12:48:57.206 Sensor Zero Coverage Sensor
[INFO] 12:48:57.207 Sensor Zero Coverage Sensor (done) | time=1ms
[INFO] 12:48:57.207 Sensor Java CPD Block Indexer
[INFO] 12:48:57.237 Sensor Java CPD Block Indexer (done) | time=30ms
[INFO] 12:48:57.237 ------------- Gather SCA dependencies on project
[INFO] 12:48:57.241 Dependency analysis skipped
[INFO] 12:48:57.251 CPD Executor 28 files had no CPD blocks
[INFO] 12:48:57.251 CPD Executor Calculating CPD for 23 files
[INFO] 12:48:57.259 CPD Executor CPD calculation finished (done) | time=8ms
[INFO] 12:48:57.263 SCM revision ID 'f659baaa0aff03192220041d63bf6535d251dac3'
[INFO] 12:48:57.325 Analysis report generated in 58ms, dir size=442.7 kB
[INFO] 12:48:57.377 Analysis report compressed in 51ms, zip size=154.6 kB
[INFO] 12:48:57.469 Analysis report uploaded in 92ms
[INFO] 12:48:57.472 ANALYSIS SUCCESSFUL, you can find the results at: http://sonar-sonarqube.sonarqube.svc.cluster.local:9000/dashboard?id=tasklist
[INFO] 12:48:57.472 Note that you will be able to access the updated dashboard once the server has processed the submitted analysis report
[INFO] 12:48:57.472 More about the report processing at http://sonar-sonarqube.sonarqube.svc.cluster.local:9000/api/ce/task?id=1237b31e-50eb-47a6-a084-3aed9efbe7b8
[INFO] 12:48:57.485 Analysis total time: 8.543 s
[INFO] ------------------------------------------------------------------------
[INFO] BUILD SUCCESS
[INFO] ------------------------------------------------------------------------
[INFO] Total time:  11.156 s
[INFO] Finished at: 2025-09-30T12:48:57Z
[INFO] ------------------------------------------------------------------------
[Pipeline] }
[Pipeline] // withCredentials
[Pipeline] }
[Pipeline] // container
[Pipeline] }
[Pipeline] // stage
[Pipeline] stage
[Pipeline] { (docker build)
[Pipeline] container
[Pipeline] {
[Pipeline] withCredentials
Masking supported pattern matches of $REGISTRY_PASS
[Pipeline] {
[Pipeline] sh
+ pwd
/home/jenkins/agent/workspace/demo-tasklist
[Pipeline] sh
+ ls -a
.
..
.env.example
.git
.gitignore
Dockerfile
Jenkinsfile
Makefile
README.md
docker-compose.yaml
docs
maven-settings.xml
owast.md
pom.xml
src
style.xml
target
[Pipeline] sh
+ docker info
Client:
 Version:    24.0.6
 Context:    default
 Debug Mode: false
 Plugins:
  buildx: Docker Buildx (Docker Inc.)
    Version:  v0.11.2
    Path:     /usr/local/libexec/docker/cli-plugins/docker-buildx
  compose: Docker Compose (Docker Inc.)
    Version:  v2.23.0
    Path:     /usr/local/libexec/docker/cli-plugins/docker-compose

Server:
 Containers: 22
  Running: 1
  Paused: 0
  Stopped: 21
 Images: 227
 Server Version: 28.4.0
 Storage Driver: overlay2
  Backing Filesystem: extfs
  Supports d_type: true
  Using metacopy: false
  Native Overlay Diff: true
  userxattr: false
 Logging Driver: json-file
 Cgroup Driver: systemd
 Cgroup Version: 2
 Plugins:
  Volume: local
  Network: bridge host ipvlan macvlan null overlay
  Log: awslogs fluentd gcplogs gelf journald json-file local splunk syslog
 Swarm: inactive
 Runtimes: io.containerd.runc.v2 runc
 Default Runtime: runc
 Init Binary: docker-init
 containerd version: b98a3aace656320842a23f4a392a33f46af97866
 runc version: v1.3.0-0-g4ca628d1
 init version: de40ad0
 Security Options:
  seccomp
   Profile: builtin
  cgroupns
 Kernel Version: 6.16.8-200.fc42.x86_64
 Operating System: Fedora Linux 42 (Workstation Edition)
 OSType: linux
 Architecture: x86_64
 CPUs: 32
 Total Memory: 62.55GiB
 Name: stx
 ID: 449a2904-7e6c-409d-ab57-85352ea34f15
 Docker Root Dir: /home/dockerData
 Debug Mode: false
 Experimental: false
 Insecure Registries:
  registry.gitlab.stx
  registry.stx
  docker.stx
  ::1/128
  127.0.0.0/8
 Live Restore Enabled: false

WARNING: bridge-nf-call-iptables is disabled
WARNING: bridge-nf-call-ip6tables is disabled
[Pipeline] sh
+ echo ****
+ docker login registry.stx -u admin --password-stdin
WARNING! Your password will be stored unencrypted in /root/.docker/config.json.
Configure a credential helper to remove this warning. See
https://docs.docker.com/engine/reference/commandline/login/#credentials-store

Login Succeeded
[Pipeline] sh
+ docker build -t registry.stx/tasklist:0.0.1 .
#0 building with "default" instance using docker driver

#1 [internal] load build definition from Dockerfile
#1 transferring dockerfile: 162B done
#1 DONE 0.1s

#2 [internal] load metadata for docker.stx/eclipse-temurin:21.0.7_6-jre-ubi9-minimal
#2 DONE 0.1s

#3 [internal] load .dockerignore
#3 transferring context: 2B done
#3 DONE 0.1s

#4 [1/2] FROM docker.stx/eclipse-temurin:21.0.7_6-jre-ubi9-minimal@sha256:be37f4233c179ca1f40e9c8d7974df1b6676b9599b375389b8e15e0218e34083
#4 DONE 0.0s

#5 [internal] load build context
#5 transferring context: 101.50MB 0.3s done
#5 DONE 0.4s

#4 [1/2] FROM docker.stx/eclipse-temurin:21.0.7_6-jre-ubi9-minimal@sha256:be37f4233c179ca1f40e9c8d7974df1b6676b9599b375389b8e15e0218e34083
#4 CACHED

#6 [2/2] COPY target/tasklist*.jar /app.jar
#6 DONE 0.2s

#7 exporting to image
#7 exporting layers
#7 exporting layers 0.3s done
#7 writing image sha256:349c0763701e012dabf98faf5afaa26e80495d09e8ea7a1dd80f2e6c09a51215 0.0s done
#7 naming to registry.stx/tasklist:0.0.1 0.0s done
#7 DONE 0.4s
WARNING: buildx: failed to read current commit information with git rev-parse --is-inside-work-tree
[Pipeline] }
[Pipeline] // withCredentials
[Pipeline] }
[Pipeline] // container
[Pipeline] }
[Pipeline] // stage
[Pipeline] stage
[Pipeline] { (trivy security scanning)
[Pipeline] container
[Pipeline] {
[Pipeline] sh
+ pwd
/home/jenkins/agent/workspace/demo-tasklist
[Pipeline] sh
+ ls -a
.
..
.env.example
.git
.gitignore
Dockerfile
Jenkinsfile
Makefile
README.md
docker-compose.yaml
docs
maven-settings.xml
owast.md
pom.xml
src
style.xml
target
[Pipeline] sh
+ docker run --rm -v /var/run/docker.sock:/var/run/docker.sock -v /root/.trivy-cache:/root/.cache/ docker.stx/aquasec/trivy:0.66.0 image --scanners vuln --severity MEDIUM,HIGH,CRITICAL --exit-code 0 --format table registry.stx/tasklist:0.0.1
2025-09-30T12:49:07Z	INFO	[vuln] Vulnerability scanning is enabled
2025-09-30T12:49:10Z	INFO	Detected OS	family="redhat" version="9.6"
2025-09-30T12:49:10Z	INFO	[redhat] Detecting RHEL/CentOS vulnerabilities...	os_version="9" pkg_num=146
2025-09-30T12:49:10Z	INFO	Number of language-specific files	num=1
2025-09-30T12:49:10Z	INFO	[jar] Detecting vulnerabilities...
2025-09-30T12:49:10Z	WARN	Using severities from other vendors for some vulnerabilities. Read https://trivy.dev/v0.66/docs/scanner/vulnerability#severity-selection for details.
2025-09-30T12:49:10Z	INFO	Table result includes only package filenames. Use '--format json' option to get the full path to the package file.

ğŸ“£ [34mNotices:[0m
  - Version 0.67.0 of Trivy is now available, current version is 0.66.0

To suppress version checks, run Trivy scans with the --skip-version-check flag

[Pipeline] sh
+ cat trivy-output.txt

Report Summary

â”Œâ”€â”€â”€â”€â”€â”€â”€â”€â”€â”€â”€â”€â”€â”€â”€â”€â”€â”€â”€â”€â”€â”€â”€â”€â”€â”€â”€â”€â”€â”€â”€â”€â”€â”€â”€â”€â”€â”€â”€â”€â”€â”€â”¬â”€â”€â”€â”€â”€â”€â”€â”€â”¬â”€â”€â”€â”€â”€â”€â”€â”€â”€â”€â”€â”€â”€â”€â”€â”€â”€â”
â”‚                  Target                  â”‚  Type  â”‚ Vulnerabilities â”‚
â”œâ”€â”€â”€â”€â”€â”€â”€â”€â”€â”€â”€â”€â”€â”€â”€â”€â”€â”€â”€â”€â”€â”€â”€â”€â”€â”€â”€â”€â”€â”€â”€â”€â”€â”€â”€â”€â”€â”€â”€â”€â”€â”€â”¼â”€â”€â”€â”€â”€â”€â”€â”€â”¼â”€â”€â”€â”€â”€â”€â”€â”€â”€â”€â”€â”€â”€â”€â”€â”€â”€â”¤
â”‚ registry.stx/tasklist:0.0.1 (redhat 9.6) â”‚ redhat â”‚       40        â”‚
â”œâ”€â”€â”€â”€â”€â”€â”€â”€â”€â”€â”€â”€â”€â”€â”€â”€â”€â”€â”€â”€â”€â”€â”€â”€â”€â”€â”€â”€â”€â”€â”€â”€â”€â”€â”€â”€â”€â”€â”€â”€â”€â”€â”¼â”€â”€â”€â”€â”€â”€â”€â”€â”¼â”€â”€â”€â”€â”€â”€â”€â”€â”€â”€â”€â”€â”€â”€â”€â”€â”€â”¤
â”‚ app.jar                                  â”‚  jar   â”‚        5        â”‚
â””â”€â”€â”€â”€â”€â”€â”€â”€â”€â”€â”€â”€â”€â”€â”€â”€â”€â”€â”€â”€â”€â”€â”€â”€â”€â”€â”€â”€â”€â”€â”€â”€â”€â”€â”€â”€â”€â”€â”€â”€â”€â”€â”´â”€â”€â”€â”€â”€â”€â”€â”€â”´â”€â”€â”€â”€â”€â”€â”€â”€â”€â”€â”€â”€â”€â”€â”€â”€â”€â”˜
Legend:
- '-': Not scanned
- '0': Clean (no security findings detected)


registry.stx/tasklist:0.0.1 (redhat 9.6)
========================================
Total: 40 (MEDIUM: 35, HIGH: 5, CRITICAL: 0)

â”Œâ”€â”€â”€â”€â”€â”€â”€â”€â”€â”€â”€â”€â”€â”€â”€â”€â”€â”€â”€â”€â”€â”€â”€â”€â”¬â”€â”€â”€â”€â”€â”€â”€â”€â”€â”€â”€â”€â”€â”€â”€â”€â”¬â”€â”€â”€â”€â”€â”€â”€â”€â”€â”€â”¬â”€â”€â”€â”€â”€â”€â”€â”€â”€â”€â”€â”€â”€â”€â”¬â”€â”€â”€â”€â”€â”€â”€â”€â”€â”€â”€â”€â”€â”€â”€â”€â”€â”€â”€â”¬â”€â”€â”€â”€â”€â”€â”€â”€â”€â”€â”€â”€â”€â”€â”€â”€â”€â”€â”€â”¬â”€â”€â”€â”€â”€â”€â”€â”€â”€â”€â”€â”€â”€â”€â”€â”€â”€â”€â”€â”€â”€â”€â”€â”€â”€â”€â”€â”€â”€â”€â”€â”€â”€â”€â”€â”€â”€â”€â”€â”€â”€â”€â”€â”€â”€â”€â”€â”€â”€â”€â”€â”€â”€â”€â”€â”€â”€â”€â”€â”€â”€â”€â”
â”‚        Library         â”‚ Vulnerability  â”‚ Severity â”‚    Status    â”‚ Installed Version â”‚   Fixed Version   â”‚                            Title                             â”‚
â”œâ”€â”€â”€â”€â”€â”€â”€â”€â”€â”€â”€â”€â”€â”€â”€â”€â”€â”€â”€â”€â”€â”€â”€â”€â”¼â”€â”€â”€â”€â”€â”€â”€â”€â”€â”€â”€â”€â”€â”€â”€â”€â”¼â”€â”€â”€â”€â”€â”€â”€â”€â”€â”€â”¼â”€â”€â”€â”€â”€â”€â”€â”€â”€â”€â”€â”€â”€â”€â”¼â”€â”€â”€â”€â”€â”€â”€â”€â”€â”€â”€â”€â”€â”€â”€â”€â”€â”€â”€â”¼â”€â”€â”€â”€â”€â”€â”€â”€â”€â”€â”€â”€â”€â”€â”€â”€â”€â”€â”€â”¼â”€â”€â”€â”€â”€â”€â”€â”€â”€â”€â”€â”€â”€â”€â”€â”€â”€â”€â”€â”€â”€â”€â”€â”€â”€â”€â”€â”€â”€â”€â”€â”€â”€â”€â”€â”€â”€â”€â”€â”€â”€â”€â”€â”€â”€â”€â”€â”€â”€â”€â”€â”€â”€â”€â”€â”€â”€â”€â”€â”€â”€â”€â”¤
â”‚ binutils               â”‚ CVE-2021-20197 â”‚ MEDIUM   â”‚ affected     â”‚ 2.35.2-63.el9     â”‚                   â”‚ binutils: Race window allows users to own arbitrary files    â”‚
â”‚                        â”‚                â”‚          â”‚              â”‚                   â”‚                   â”‚ https://avd.aquasec.com/nvd/cve-2021-20197                   â”‚
â”‚                        â”œâ”€â”€â”€â”€â”€â”€â”€â”€â”€â”€â”€â”€â”€â”€â”€â”€â”¤          â”œâ”€â”€â”€â”€â”€â”€â”€â”€â”€â”€â”€â”€â”€â”€â”¤                   â”œâ”€â”€â”€â”€â”€â”€â”€â”€â”€â”€â”€â”€â”€â”€â”€â”€â”€â”€â”€â”¼â”€â”€â”€â”€â”€â”€â”€â”€â”€â”€â”€â”€â”€â”€â”€â”€â”€â”€â”€â”€â”€â”€â”€â”€â”€â”€â”€â”€â”€â”€â”€â”€â”€â”€â”€â”€â”€â”€â”€â”€â”€â”€â”€â”€â”€â”€â”€â”€â”€â”€â”€â”€â”€â”€â”€â”€â”€â”€â”€â”€â”€â”€â”¤
â”‚                        â”‚ CVE-2021-45078 â”‚          â”‚ will_not_fix â”‚                   â”‚                   â”‚ binutils: out-of-bounds write in stab_xcoff_builtin_type()   â”‚
â”‚                        â”‚                â”‚          â”‚              â”‚                   â”‚                   â”‚ in stabs.c                                                   â”‚
â”‚                        â”‚                â”‚          â”‚              â”‚                   â”‚                   â”‚ https://avd.aquasec.com/nvd/cve-2021-45078                   â”‚
â”‚                        â”œâ”€â”€â”€â”€â”€â”€â”€â”€â”€â”€â”€â”€â”€â”€â”€â”€â”¤          â”‚              â”‚                   â”œâ”€â”€â”€â”€â”€â”€â”€â”€â”€â”€â”€â”€â”€â”€â”€â”€â”€â”€â”€â”¼â”€â”€â”€â”€â”€â”€â”€â”€â”€â”€â”€â”€â”€â”€â”€â”€â”€â”€â”€â”€â”€â”€â”€â”€â”€â”€â”€â”€â”€â”€â”€â”€â”€â”€â”€â”€â”€â”€â”€â”€â”€â”€â”€â”€â”€â”€â”€â”€â”€â”€â”€â”€â”€â”€â”€â”€â”€â”€â”€â”€â”€â”€â”¤
â”‚                        â”‚ CVE-2023-1579  â”‚          â”‚              â”‚                   â”‚                   â”‚ binutils: Heap-buffer-overflow binutils-gdb/bfd/libbfd.c in  â”‚
â”‚                        â”‚                â”‚          â”‚              â”‚                   â”‚                   â”‚ bfd_getl64                                                   â”‚
â”‚                        â”‚                â”‚          â”‚              â”‚                   â”‚                   â”‚ https://avd.aquasec.com/nvd/cve-2023-1579                    â”‚
â”‚                        â”œâ”€â”€â”€â”€â”€â”€â”€â”€â”€â”€â”€â”€â”€â”€â”€â”€â”¤          â”œâ”€â”€â”€â”€â”€â”€â”€â”€â”€â”€â”€â”€â”€â”€â”¤                   â”œâ”€â”€â”€â”€â”€â”€â”€â”€â”€â”€â”€â”€â”€â”€â”€â”€â”€â”€â”€â”¼â”€â”€â”€â”€â”€â”€â”€â”€â”€â”€â”€â”€â”€â”€â”€â”€â”€â”€â”€â”€â”€â”€â”€â”€â”€â”€â”€â”€â”€â”€â”€â”€â”€â”€â”€â”€â”€â”€â”€â”€â”€â”€â”€â”€â”€â”€â”€â”€â”€â”€â”€â”€â”€â”€â”€â”€â”€â”€â”€â”€â”€â”€â”¤
â”‚                        â”‚ CVE-2025-5245  â”‚          â”‚ affected     â”‚                   â”‚                   â”‚ binutils: GNU Binutils objdump debug.c debug_type_samep      â”‚
â”‚                        â”‚                â”‚          â”‚              â”‚                   â”‚                   â”‚ memory corruption                                            â”‚
â”‚                        â”‚                â”‚          â”‚              â”‚                   â”‚                   â”‚ https://avd.aquasec.com/nvd/cve-2025-5245                    â”‚
â”‚                        â”œâ”€â”€â”€â”€â”€â”€â”€â”€â”€â”€â”€â”€â”€â”€â”€â”€â”¤          â”‚              â”‚                   â”œâ”€â”€â”€â”€â”€â”€â”€â”€â”€â”€â”€â”€â”€â”€â”€â”€â”€â”€â”€â”¼â”€â”€â”€â”€â”€â”€â”€â”€â”€â”€â”€â”€â”€â”€â”€â”€â”€â”€â”€â”€â”€â”€â”€â”€â”€â”€â”€â”€â”€â”€â”€â”€â”€â”€â”€â”€â”€â”€â”€â”€â”€â”€â”€â”€â”€â”€â”€â”€â”€â”€â”€â”€â”€â”€â”€â”€â”€â”€â”€â”€â”€â”€â”¤
â”‚                        â”‚ CVE-2025-7545  â”‚          â”‚              â”‚                   â”‚                   â”‚ binutils: Binutils: Heap Buffer Overflow                     â”‚
â”‚                        â”‚                â”‚          â”‚              â”‚                   â”‚                   â”‚ https://avd.aquasec.com/nvd/cve-2025-7545                    â”‚
â”‚                        â”œâ”€â”€â”€â”€â”€â”€â”€â”€â”€â”€â”€â”€â”€â”€â”€â”€â”¤          â”‚              â”‚                   â”œâ”€â”€â”€â”€â”€â”€â”€â”€â”€â”€â”€â”€â”€â”€â”€â”€â”€â”€â”€â”¼â”€â”€â”€â”€â”€â”€â”€â”€â”€â”€â”€â”€â”€â”€â”€â”€â”€â”€â”€â”€â”€â”€â”€â”€â”€â”€â”€â”€â”€â”€â”€â”€â”€â”€â”€â”€â”€â”€â”€â”€â”€â”€â”€â”€â”€â”€â”€â”€â”€â”€â”€â”€â”€â”€â”€â”€â”€â”€â”€â”€â”€â”€â”¤
â”‚                        â”‚ CVE-2025-7546  â”‚          â”‚              â”‚                   â”‚                   â”‚ binutils: Binutils: Out-of-bounds Write Vulnerability        â”‚
â”‚                        â”‚                â”‚          â”‚              â”‚                   â”‚                   â”‚ https://avd.aquasec.com/nvd/cve-2025-7546                    â”‚
â”œâ”€â”€â”€â”€â”€â”€â”€â”€â”€â”€â”€â”€â”€â”€â”€â”€â”€â”€â”€â”€â”€â”€â”€â”€â”¼â”€â”€â”€â”€â”€â”€â”€â”€â”€â”€â”€â”€â”€â”€â”€â”€â”¤          â”‚              â”‚                   â”œâ”€â”€â”€â”€â”€â”€â”€â”€â”€â”€â”€â”€â”€â”€â”€â”€â”€â”€â”€â”¼â”€â”€â”€â”€â”€â”€â”€â”€â”€â”€â”€â”€â”€â”€â”€â”€â”€â”€â”€â”€â”€â”€â”€â”€â”€â”€â”€â”€â”€â”€â”€â”€â”€â”€â”€â”€â”€â”€â”€â”€â”€â”€â”€â”€â”€â”€â”€â”€â”€â”€â”€â”€â”€â”€â”€â”€â”€â”€â”€â”€â”€â”€â”¤
â”‚ binutils-gold          â”‚ CVE-2021-20197 â”‚          â”‚              â”‚                   â”‚                   â”‚ binutils: Race window allows users to own arbitrary files    â”‚
â”‚                        â”‚                â”‚          â”‚              â”‚                   â”‚                   â”‚ https://avd.aquasec.com/nvd/cve-2021-20197                   â”‚
â”‚                        â”œâ”€â”€â”€â”€â”€â”€â”€â”€â”€â”€â”€â”€â”€â”€â”€â”€â”¤          â”œâ”€â”€â”€â”€â”€â”€â”€â”€â”€â”€â”€â”€â”€â”€â”¤                   â”œâ”€â”€â”€â”€â”€â”€â”€â”€â”€â”€â”€â”€â”€â”€â”€â”€â”€â”€â”€â”¼â”€â”€â”€â”€â”€â”€â”€â”€â”€â”€â”€â”€â”€â”€â”€â”€â”€â”€â”€â”€â”€â”€â”€â”€â”€â”€â”€â”€â”€â”€â”€â”€â”€â”€â”€â”€â”€â”€â”€â”€â”€â”€â”€â”€â”€â”€â”€â”€â”€â”€â”€â”€â”€â”€â”€â”€â”€â”€â”€â”€â”€â”€â”¤
â”‚                        â”‚ CVE-2021-45078 â”‚          â”‚ will_not_fix â”‚                   â”‚                   â”‚ binutils: out-of-bounds write in stab_xcoff_builtin_type()   â”‚
â”‚                        â”‚                â”‚          â”‚              â”‚                   â”‚                   â”‚ in stabs.c                                                   â”‚
â”‚                        â”‚                â”‚          â”‚              â”‚                   â”‚                   â”‚ https://avd.aquasec.com/nvd/cve-2021-45078                   â”‚
â”‚                        â”œâ”€â”€â”€â”€â”€â”€â”€â”€â”€â”€â”€â”€â”€â”€â”€â”€â”¤          â”‚              â”‚                   â”œâ”€â”€â”€â”€â”€â”€â”€â”€â”€â”€â”€â”€â”€â”€â”€â”€â”€â”€â”€â”¼â”€â”€â”€â”€â”€â”€â”€â”€â”€â”€â”€â”€â”€â”€â”€â”€â”€â”€â”€â”€â”€â”€â”€â”€â”€â”€â”€â”€â”€â”€â”€â”€â”€â”€â”€â”€â”€â”€â”€â”€â”€â”€â”€â”€â”€â”€â”€â”€â”€â”€â”€â”€â”€â”€â”€â”€â”€â”€â”€â”€â”€â”€â”¤
â”‚                        â”‚ CVE-2023-1579  â”‚          â”‚              â”‚                   â”‚                   â”‚ binutils: Heap-buffer-overflow binutils-gdb/bfd/libbfd.c in  â”‚
â”‚                        â”‚                â”‚          â”‚              â”‚                   â”‚                   â”‚ bfd_getl64                                                   â”‚
â”‚                        â”‚                â”‚          â”‚              â”‚                   â”‚                   â”‚ https://avd.aquasec.com/nvd/cve-2023-1579                    â”‚
â”‚                        â”œâ”€â”€â”€â”€â”€â”€â”€â”€â”€â”€â”€â”€â”€â”€â”€â”€â”¤          â”œâ”€â”€â”€â”€â”€â”€â”€â”€â”€â”€â”€â”€â”€â”€â”¤                   â”œâ”€â”€â”€â”€â”€â”€â”€â”€â”€â”€â”€â”€â”€â”€â”€â”€â”€â”€â”€â”¼â”€â”€â”€â”€â”€â”€â”€â”€â”€â”€â”€â”€â”€â”€â”€â”€â”€â”€â”€â”€â”€â”€â”€â”€â”€â”€â”€â”€â”€â”€â”€â”€â”€â”€â”€â”€â”€â”€â”€â”€â”€â”€â”€â”€â”€â”€â”€â”€â”€â”€â”€â”€â”€â”€â”€â”€â”€â”€â”€â”€â”€â”€â”¤
â”‚                        â”‚ CVE-2025-5245  â”‚          â”‚ affected     â”‚                   â”‚                   â”‚ binutils: GNU Binutils objdump debug.c debug_type_samep      â”‚
â”‚                        â”‚                â”‚          â”‚              â”‚                   â”‚                   â”‚ memory corruption                                            â”‚
â”‚                        â”‚                â”‚          â”‚              â”‚                   â”‚                   â”‚ https://avd.aquasec.com/nvd/cve-2025-5245                    â”‚
â”‚                        â”œâ”€â”€â”€â”€â”€â”€â”€â”€â”€â”€â”€â”€â”€â”€â”€â”€â”¤          â”‚              â”‚                   â”œâ”€â”€â”€â”€â”€â”€â”€â”€â”€â”€â”€â”€â”€â”€â”€â”€â”€â”€â”€â”¼â”€â”€â”€â”€â”€â”€â”€â”€â”€â”€â”€â”€â”€â”€â”€â”€â”€â”€â”€â”€â”€â”€â”€â”€â”€â”€â”€â”€â”€â”€â”€â”€â”€â”€â”€â”€â”€â”€â”€â”€â”€â”€â”€â”€â”€â”€â”€â”€â”€â”€â”€â”€â”€â”€â”€â”€â”€â”€â”€â”€â”€â”€â”¤
â”‚                        â”‚ CVE-2025-7545  â”‚          â”‚              â”‚                   â”‚                   â”‚ binutils: Binutils: Heap Buffer Overflow                     â”‚
â”‚                        â”‚                â”‚          â”‚              â”‚                   â”‚                   â”‚ https://avd.aquasec.com/nvd/cve-2025-7545                    â”‚
â”‚                        â”œâ”€â”€â”€â”€â”€â”€â”€â”€â”€â”€â”€â”€â”€â”€â”€â”€â”¤          â”‚              â”‚                   â”œâ”€â”€â”€â”€â”€â”€â”€â”€â”€â”€â”€â”€â”€â”€â”€â”€â”€â”€â”€â”¼â”€â”€â”€â”€â”€â”€â”€â”€â”€â”€â”€â”€â”€â”€â”€â”€â”€â”€â”€â”€â”€â”€â”€â”€â”€â”€â”€â”€â”€â”€â”€â”€â”€â”€â”€â”€â”€â”€â”€â”€â”€â”€â”€â”€â”€â”€â”€â”€â”€â”€â”€â”€â”€â”€â”€â”€â”€â”€â”€â”€â”€â”€â”¤
â”‚                        â”‚ CVE-2025-7546  â”‚          â”‚              â”‚                   â”‚                   â”‚ binutils: Binutils: Out-of-bounds Write Vulnerability        â”‚
â”‚                        â”‚                â”‚          â”‚              â”‚                   â”‚                   â”‚ https://avd.aquasec.com/nvd/cve-2025-7546                    â”‚
â”œâ”€â”€â”€â”€â”€â”€â”€â”€â”€â”€â”€â”€â”€â”€â”€â”€â”€â”€â”€â”€â”€â”€â”€â”€â”¼â”€â”€â”€â”€â”€â”€â”€â”€â”€â”€â”€â”€â”€â”€â”€â”€â”¤          â”‚              â”œâ”€â”€â”€â”€â”€â”€â”€â”€â”€â”€â”€â”€â”€â”€â”€â”€â”€â”€â”€â”¼â”€â”€â”€â”€â”€â”€â”€â”€â”€â”€â”€â”€â”€â”€â”€â”€â”€â”€â”€â”¼â”€â”€â”€â”€â”€â”€â”€â”€â”€â”€â”€â”€â”€â”€â”€â”€â”€â”€â”€â”€â”€â”€â”€â”€â”€â”€â”€â”€â”€â”€â”€â”€â”€â”€â”€â”€â”€â”€â”€â”€â”€â”€â”€â”€â”€â”€â”€â”€â”€â”€â”€â”€â”€â”€â”€â”€â”€â”€â”€â”€â”€â”€â”¤
â”‚ coreutils-single       â”‚ CVE-2025-5278  â”‚          â”‚              â”‚ 8.32-39.el9       â”‚                   â”‚ coreutils: Heap Buffer Under-Read in GNU Coreutils sort via  â”‚
â”‚                        â”‚                â”‚          â”‚              â”‚                   â”‚                   â”‚ Key Specification                                            â”‚
â”‚                        â”‚                â”‚          â”‚              â”‚                   â”‚                   â”‚ https://avd.aquasec.com/nvd/cve-2025-5278                    â”‚
â”œâ”€â”€â”€â”€â”€â”€â”€â”€â”€â”€â”€â”€â”€â”€â”€â”€â”€â”€â”€â”€â”€â”€â”€â”€â”¼â”€â”€â”€â”€â”€â”€â”€â”€â”€â”€â”€â”€â”€â”€â”€â”€â”¤          â”‚              â”œâ”€â”€â”€â”€â”€â”€â”€â”€â”€â”€â”€â”€â”€â”€â”€â”€â”€â”€â”€â”¼â”€â”€â”€â”€â”€â”€â”€â”€â”€â”€â”€â”€â”€â”€â”€â”€â”€â”€â”€â”¼â”€â”€â”€â”€â”€â”€â”€â”€â”€â”€â”€â”€â”€â”€â”€â”€â”€â”€â”€â”€â”€â”€â”€â”€â”€â”€â”€â”€â”€â”€â”€â”€â”€â”€â”€â”€â”€â”€â”€â”€â”€â”€â”€â”€â”€â”€â”€â”€â”€â”€â”€â”€â”€â”€â”€â”€â”€â”€â”€â”€â”€â”€â”¤
â”‚ curl-minimal           â”‚ CVE-2025-9086  â”‚          â”‚              â”‚ 7.76.1-31.el9     â”‚                   â”‚ curl: libcurl: Curl out of bounds read for cookie path       â”‚
â”‚                        â”‚                â”‚          â”‚              â”‚                   â”‚                   â”‚ https://avd.aquasec.com/nvd/cve-2025-9086                    â”‚
â”œâ”€â”€â”€â”€â”€â”€â”€â”€â”€â”€â”€â”€â”€â”€â”€â”€â”€â”€â”€â”€â”€â”€â”€â”€â”¼â”€â”€â”€â”€â”€â”€â”€â”€â”€â”€â”€â”€â”€â”€â”€â”€â”¼â”€â”€â”€â”€â”€â”€â”€â”€â”€â”€â”¤              â”œâ”€â”€â”€â”€â”€â”€â”€â”€â”€â”€â”€â”€â”€â”€â”€â”€â”€â”€â”€â”¼â”€â”€â”€â”€â”€â”€â”€â”€â”€â”€â”€â”€â”€â”€â”€â”€â”€â”€â”€â”¼â”€â”€â”€â”€â”€â”€â”€â”€â”€â”€â”€â”€â”€â”€â”€â”€â”€â”€â”€â”€â”€â”€â”€â”€â”€â”€â”€â”€â”€â”€â”€â”€â”€â”€â”€â”€â”€â”€â”€â”€â”€â”€â”€â”€â”€â”€â”€â”€â”€â”€â”€â”€â”€â”€â”€â”€â”€â”€â”€â”€â”€â”€â”¤
â”‚ expat                  â”‚ CVE-2025-59375 â”‚ HIGH     â”‚              â”‚ 2.5.0-5.el9_6     â”‚                   â”‚ expat: libexpat in Expat allows attackers to trigger large   â”‚
â”‚                        â”‚                â”‚          â”‚              â”‚                   â”‚                   â”‚ dynamic memory allocations...                                â”‚
â”‚                        â”‚                â”‚          â”‚              â”‚                   â”‚                   â”‚ https://avd.aquasec.com/nvd/cve-2025-59375                   â”‚
â”œâ”€â”€â”€â”€â”€â”€â”€â”€â”€â”€â”€â”€â”€â”€â”€â”€â”€â”€â”€â”€â”€â”€â”€â”€â”¼â”€â”€â”€â”€â”€â”€â”€â”€â”€â”€â”€â”€â”€â”€â”€â”€â”¼â”€â”€â”€â”€â”€â”€â”€â”€â”€â”€â”¼â”€â”€â”€â”€â”€â”€â”€â”€â”€â”€â”€â”€â”€â”€â”¼â”€â”€â”€â”€â”€â”€â”€â”€â”€â”€â”€â”€â”€â”€â”€â”€â”€â”€â”€â”¼â”€â”€â”€â”€â”€â”€â”€â”€â”€â”€â”€â”€â”€â”€â”€â”€â”€â”€â”€â”¼â”€â”€â”€â”€â”€â”€â”€â”€â”€â”€â”€â”€â”€â”€â”€â”€â”€â”€â”€â”€â”€â”€â”€â”€â”€â”€â”€â”€â”€â”€â”€â”€â”€â”€â”€â”€â”€â”€â”€â”€â”€â”€â”€â”€â”€â”€â”€â”€â”€â”€â”€â”€â”€â”€â”€â”€â”€â”€â”€â”€â”€â”€â”¤
â”‚ glibc                  â”‚ CVE-2025-8058  â”‚ MEDIUM   â”‚ fixed        â”‚ 2.34-168.el9_6.20 â”‚ 2.34-168.el9_6.23 â”‚ glibc: Double free in glibc                                  â”‚
â”‚                        â”‚                â”‚          â”‚              â”‚                   â”‚                   â”‚ https://avd.aquasec.com/nvd/cve-2025-8058                    â”‚
â”œâ”€â”€â”€â”€â”€â”€â”€â”€â”€â”€â”€â”€â”€â”€â”€â”€â”€â”€â”€â”€â”€â”€â”€â”€â”¤                â”‚          â”‚              â”‚                   â”‚                   â”‚                                                              â”‚
â”‚ glibc-common           â”‚                â”‚          â”‚              â”‚                   â”‚                   â”‚                                                              â”‚
â”‚                        â”‚                â”‚          â”‚              â”‚                   â”‚                   â”‚                                                              â”‚
â”œâ”€â”€â”€â”€â”€â”€â”€â”€â”€â”€â”€â”€â”€â”€â”€â”€â”€â”€â”€â”€â”€â”€â”€â”€â”¤                â”‚          â”‚              â”‚                   â”‚                   â”‚                                                              â”‚
â”‚ glibc-langpack-en      â”‚                â”‚          â”‚              â”‚                   â”‚                   â”‚                                                              â”‚
â”‚                        â”‚                â”‚          â”‚              â”‚                   â”‚                   â”‚                                                              â”‚
â”œâ”€â”€â”€â”€â”€â”€â”€â”€â”€â”€â”€â”€â”€â”€â”€â”€â”€â”€â”€â”€â”€â”€â”€â”€â”¤                â”‚          â”‚              â”‚                   â”‚                   â”‚                                                              â”‚
â”‚ glibc-minimal-langpack â”‚                â”‚          â”‚              â”‚                   â”‚                   â”‚                                                              â”‚
â”‚                        â”‚                â”‚          â”‚              â”‚                   â”‚                   â”‚                                                              â”‚
â”œâ”€â”€â”€â”€â”€â”€â”€â”€â”€â”€â”€â”€â”€â”€â”€â”€â”€â”€â”€â”€â”€â”€â”€â”€â”¼â”€â”€â”€â”€â”€â”€â”€â”€â”€â”€â”€â”€â”€â”€â”€â”€â”¤          â”‚              â”œâ”€â”€â”€â”€â”€â”€â”€â”€â”€â”€â”€â”€â”€â”€â”€â”€â”€â”€â”€â”¼â”€â”€â”€â”€â”€â”€â”€â”€â”€â”€â”€â”€â”€â”€â”€â”€â”€â”€â”€â”¼â”€â”€â”€â”€â”€â”€â”€â”€â”€â”€â”€â”€â”€â”€â”€â”€â”€â”€â”€â”€â”€â”€â”€â”€â”€â”€â”€â”€â”€â”€â”€â”€â”€â”€â”€â”€â”€â”€â”€â”€â”€â”€â”€â”€â”€â”€â”€â”€â”€â”€â”€â”€â”€â”€â”€â”€â”€â”€â”€â”€â”€â”€â”¤
â”‚ gnutls                 â”‚ CVE-2025-32988 â”‚          â”‚              â”‚ 3.8.3-6.el9       â”‚ 3.8.3-6.el9_6.2   â”‚ gnutls: Vulnerability in GnuTLS otherName SAN export         â”‚
â”‚                        â”‚                â”‚          â”‚              â”‚                   â”‚                   â”‚ https://avd.aquasec.com/nvd/cve-2025-32988                   â”‚
â”‚                        â”œâ”€â”€â”€â”€â”€â”€â”€â”€â”€â”€â”€â”€â”€â”€â”€â”€â”¤          â”‚              â”‚                   â”‚                   â”œâ”€â”€â”€â”€â”€â”€â”€â”€â”€â”€â”€â”€â”€â”€â”€â”€â”€â”€â”€â”€â”€â”€â”€â”€â”€â”€â”€â”€â”€â”€â”€â”€â”€â”€â”€â”€â”€â”€â”€â”€â”€â”€â”€â”€â”€â”€â”€â”€â”€â”€â”€â”€â”€â”€â”€â”€â”€â”€â”€â”€â”€â”€â”¤
â”‚                        â”‚ CVE-2025-32989 â”‚          â”‚              â”‚                   â”‚                   â”‚ gnutls: Vulnerability in GnuTLS SCT extension parsing        â”‚
â”‚                        â”‚                â”‚          â”‚              â”‚                   â”‚                   â”‚ https://avd.aquasec.com/nvd/cve-2025-32989                   â”‚
â”‚                        â”œâ”€â”€â”€â”€â”€â”€â”€â”€â”€â”€â”€â”€â”€â”€â”€â”€â”¤          â”‚              â”‚                   â”‚                   â”œâ”€â”€â”€â”€â”€â”€â”€â”€â”€â”€â”€â”€â”€â”€â”€â”€â”€â”€â”€â”€â”€â”€â”€â”€â”€â”€â”€â”€â”€â”€â”€â”€â”€â”€â”€â”€â”€â”€â”€â”€â”€â”€â”€â”€â”€â”€â”€â”€â”€â”€â”€â”€â”€â”€â”€â”€â”€â”€â”€â”€â”€â”€â”¤
â”‚                        â”‚ CVE-2025-32990 â”‚          â”‚              â”‚                   â”‚                   â”‚ gnutls: Vulnerability in GnuTLS certtool template parsing    â”‚
â”‚                        â”‚                â”‚          â”‚              â”‚                   â”‚                   â”‚ https://avd.aquasec.com/nvd/cve-2025-32990                   â”‚
â”‚                        â”œâ”€â”€â”€â”€â”€â”€â”€â”€â”€â”€â”€â”€â”€â”€â”€â”€â”¤          â”‚              â”‚                   â”‚                   â”œâ”€â”€â”€â”€â”€â”€â”€â”€â”€â”€â”€â”€â”€â”€â”€â”€â”€â”€â”€â”€â”€â”€â”€â”€â”€â”€â”€â”€â”€â”€â”€â”€â”€â”€â”€â”€â”€â”€â”€â”€â”€â”€â”€â”€â”€â”€â”€â”€â”€â”€â”€â”€â”€â”€â”€â”€â”€â”€â”€â”€â”€â”€â”¤
â”‚                        â”‚ CVE-2025-6395  â”‚          â”‚              â”‚                   â”‚                   â”‚ gnutls: NULL pointer dereference in                          â”‚
â”‚                        â”‚                â”‚          â”‚              â”‚                   â”‚                   â”‚ _gnutls_figure_common_ciphersuite()                          â”‚
â”‚                        â”‚                â”‚          â”‚              â”‚                   â”‚                   â”‚ https://avd.aquasec.com/nvd/cve-2025-6395                    â”‚
â”œâ”€â”€â”€â”€â”€â”€â”€â”€â”€â”€â”€â”€â”€â”€â”€â”€â”€â”€â”€â”€â”€â”€â”€â”€â”¼â”€â”€â”€â”€â”€â”€â”€â”€â”€â”€â”€â”€â”€â”€â”€â”€â”¼â”€â”€â”€â”€â”€â”€â”€â”€â”€â”€â”¤              â”œâ”€â”€â”€â”€â”€â”€â”€â”€â”€â”€â”€â”€â”€â”€â”€â”€â”€â”€â”€â”¼â”€â”€â”€â”€â”€â”€â”€â”€â”€â”€â”€â”€â”€â”€â”€â”€â”€â”€â”€â”¼â”€â”€â”€â”€â”€â”€â”€â”€â”€â”€â”€â”€â”€â”€â”€â”€â”€â”€â”€â”€â”€â”€â”€â”€â”€â”€â”€â”€â”€â”€â”€â”€â”€â”€â”€â”€â”€â”€â”€â”€â”€â”€â”€â”€â”€â”€â”€â”€â”€â”€â”€â”€â”€â”€â”€â”€â”€â”€â”€â”€â”€â”€â”¤
â”‚ libarchive             â”‚ CVE-2025-5914  â”‚ HIGH     â”‚              â”‚ 3.5.3-5.el9_6     â”‚ 3.5.3-6.el9_6     â”‚ libarchive: Double free at                                   â”‚
â”‚                        â”‚                â”‚          â”‚              â”‚                   â”‚                   â”‚ archive_read_format_rar_seek_data() in                       â”‚
â”‚                        â”‚                â”‚          â”‚              â”‚                   â”‚                   â”‚ archive_read_support_format_rar.c                            â”‚
â”‚                        â”‚                â”‚          â”‚              â”‚                   â”‚                   â”‚ https://avd.aquasec.com/nvd/cve-2025-5914                    â”‚
â”‚                        â”œâ”€â”€â”€â”€â”€â”€â”€â”€â”€â”€â”€â”€â”€â”€â”€â”€â”¼â”€â”€â”€â”€â”€â”€â”€â”€â”€â”€â”¼â”€â”€â”€â”€â”€â”€â”€â”€â”€â”€â”€â”€â”€â”€â”¤                   â”œâ”€â”€â”€â”€â”€â”€â”€â”€â”€â”€â”€â”€â”€â”€â”€â”€â”€â”€â”€â”¼â”€â”€â”€â”€â”€â”€â”€â”€â”€â”€â”€â”€â”€â”€â”€â”€â”€â”€â”€â”€â”€â”€â”€â”€â”€â”€â”€â”€â”€â”€â”€â”€â”€â”€â”€â”€â”€â”€â”€â”€â”€â”€â”€â”€â”€â”€â”€â”€â”€â”€â”€â”€â”€â”€â”€â”€â”€â”€â”€â”€â”€â”€â”¤
â”‚                        â”‚ CVE-2023-30571 â”‚ MEDIUM   â”‚ will_not_fix â”‚                   â”‚                   â”‚ libarchive: Race condition in multi-threaded use of          â”‚
â”‚                        â”‚                â”‚          â”‚              â”‚                   â”‚                   â”‚ archive_write_disk_header() on posix based systems...        â”‚
â”‚                        â”‚                â”‚          â”‚              â”‚                   â”‚                   â”‚ https://avd.aquasec.com/nvd/cve-2023-30571                   â”‚
â”œâ”€â”€â”€â”€â”€â”€â”€â”€â”€â”€â”€â”€â”€â”€â”€â”€â”€â”€â”€â”€â”€â”€â”€â”€â”¼â”€â”€â”€â”€â”€â”€â”€â”€â”€â”€â”€â”€â”€â”€â”€â”€â”¤          â”œâ”€â”€â”€â”€â”€â”€â”€â”€â”€â”€â”€â”€â”€â”€â”¼â”€â”€â”€â”€â”€â”€â”€â”€â”€â”€â”€â”€â”€â”€â”€â”€â”€â”€â”€â”¼â”€â”€â”€â”€â”€â”€â”€â”€â”€â”€â”€â”€â”€â”€â”€â”€â”€â”€â”€â”¼â”€â”€â”€â”€â”€â”€â”€â”€â”€â”€â”€â”€â”€â”€â”€â”€â”€â”€â”€â”€â”€â”€â”€â”€â”€â”€â”€â”€â”€â”€â”€â”€â”€â”€â”€â”€â”€â”€â”€â”€â”€â”€â”€â”€â”€â”€â”€â”€â”€â”€â”€â”€â”€â”€â”€â”€â”€â”€â”€â”€â”€â”€â”¤
â”‚ libcurl-minimal        â”‚ CVE-2025-9086  â”‚          â”‚ affected     â”‚ 7.76.1-31.el9     â”‚                   â”‚ curl: libcurl: Curl out of bounds read for cookie path       â”‚
â”‚                        â”‚                â”‚          â”‚              â”‚                   â”‚                   â”‚ https://avd.aquasec.com/nvd/cve-2025-9086                    â”‚
â”œâ”€â”€â”€â”€â”€â”€â”€â”€â”€â”€â”€â”€â”€â”€â”€â”€â”€â”€â”€â”€â”€â”€â”€â”€â”¼â”€â”€â”€â”€â”€â”€â”€â”€â”€â”€â”€â”€â”€â”€â”€â”€â”¼â”€â”€â”€â”€â”€â”€â”€â”€â”€â”€â”¼â”€â”€â”€â”€â”€â”€â”€â”€â”€â”€â”€â”€â”€â”€â”¼â”€â”€â”€â”€â”€â”€â”€â”€â”€â”€â”€â”€â”€â”€â”€â”€â”€â”€â”€â”¼â”€â”€â”€â”€â”€â”€â”€â”€â”€â”€â”€â”€â”€â”€â”€â”€â”€â”€â”€â”¼â”€â”€â”€â”€â”€â”€â”€â”€â”€â”€â”€â”€â”€â”€â”€â”€â”€â”€â”€â”€â”€â”€â”€â”€â”€â”€â”€â”€â”€â”€â”€â”€â”€â”€â”€â”€â”€â”€â”€â”€â”€â”€â”€â”€â”€â”€â”€â”€â”€â”€â”€â”€â”€â”€â”€â”€â”€â”€â”€â”€â”€â”€â”¤
â”‚ libxml2                â”‚ CVE-2025-7425  â”‚ HIGH     â”‚ fixed        â”‚ 2.9.13-10.el9_6   â”‚ 2.9.13-11.el9_6   â”‚ libxslt: Heap Use-After-Free in libxslt caused by atype      â”‚
â”‚                        â”‚                â”‚          â”‚              â”‚                   â”‚                   â”‚ corruption in xmlAttrPtr                                     â”‚
â”‚                        â”‚                â”‚          â”‚              â”‚                   â”‚                   â”‚ https://avd.aquasec.com/nvd/cve-2025-7425                    â”‚
â”‚                        â”œâ”€â”€â”€â”€â”€â”€â”€â”€â”€â”€â”€â”€â”€â”€â”€â”€â”¼â”€â”€â”€â”€â”€â”€â”€â”€â”€â”€â”¤              â”‚                   â”œâ”€â”€â”€â”€â”€â”€â”€â”€â”€â”€â”€â”€â”€â”€â”€â”€â”€â”€â”€â”¼â”€â”€â”€â”€â”€â”€â”€â”€â”€â”€â”€â”€â”€â”€â”€â”€â”€â”€â”€â”€â”€â”€â”€â”€â”€â”€â”€â”€â”€â”€â”€â”€â”€â”€â”€â”€â”€â”€â”€â”€â”€â”€â”€â”€â”€â”€â”€â”€â”€â”€â”€â”€â”€â”€â”€â”€â”€â”€â”€â”€â”€â”€â”¤
â”‚                        â”‚ CVE-2025-32414 â”‚ MEDIUM   â”‚              â”‚                   â”‚ 2.9.13-12.el9_6   â”‚ libxml2: Out-of-Bounds Read in libxml2                       â”‚
â”‚                        â”‚                â”‚          â”‚              â”‚                   â”‚                   â”‚ https://avd.aquasec.com/nvd/cve-2025-32414                   â”‚
â”‚                        â”œâ”€â”€â”€â”€â”€â”€â”€â”€â”€â”€â”€â”€â”€â”€â”€â”€â”¤          â”‚              â”‚                   â”‚                   â”œâ”€â”€â”€â”€â”€â”€â”€â”€â”€â”€â”€â”€â”€â”€â”€â”€â”€â”€â”€â”€â”€â”€â”€â”€â”€â”€â”€â”€â”€â”€â”€â”€â”€â”€â”€â”€â”€â”€â”€â”€â”€â”€â”€â”€â”€â”€â”€â”€â”€â”€â”€â”€â”€â”€â”€â”€â”€â”€â”€â”€â”€â”€â”¤
â”‚                        â”‚ CVE-2025-32415 â”‚          â”‚              â”‚                   â”‚                   â”‚ libxml2: Out-of-bounds Read in xmlSchemaIDCFillNodeTables    â”‚
â”‚                        â”‚                â”‚          â”‚              â”‚                   â”‚                   â”‚ https://avd.aquasec.com/nvd/cve-2025-32415                   â”‚
â”‚                        â”œâ”€â”€â”€â”€â”€â”€â”€â”€â”€â”€â”€â”€â”€â”€â”€â”€â”¤          â”œâ”€â”€â”€â”€â”€â”€â”€â”€â”€â”€â”€â”€â”€â”€â”¤                   â”œâ”€â”€â”€â”€â”€â”€â”€â”€â”€â”€â”€â”€â”€â”€â”€â”€â”€â”€â”€â”¼â”€â”€â”€â”€â”€â”€â”€â”€â”€â”€â”€â”€â”€â”€â”€â”€â”€â”€â”€â”€â”€â”€â”€â”€â”€â”€â”€â”€â”€â”€â”€â”€â”€â”€â”€â”€â”€â”€â”€â”€â”€â”€â”€â”€â”€â”€â”€â”€â”€â”€â”€â”€â”€â”€â”€â”€â”€â”€â”€â”€â”€â”€â”¤
â”‚                        â”‚ CVE-2025-9714  â”‚          â”‚ affected     â”‚                   â”‚                   â”‚ libxslt: libxml2: Inifinite recursion at exsltDynMapFunction â”‚
â”‚                        â”‚                â”‚          â”‚              â”‚                   â”‚                   â”‚ function in libexslt/dynamic.c                               â”‚
â”‚                        â”‚                â”‚          â”‚              â”‚                   â”‚                   â”‚ https://avd.aquasec.com/nvd/cve-2025-9714                    â”‚
â”œâ”€â”€â”€â”€â”€â”€â”€â”€â”€â”€â”€â”€â”€â”€â”€â”€â”€â”€â”€â”€â”€â”€â”€â”€â”¼â”€â”€â”€â”€â”€â”€â”€â”€â”€â”€â”€â”€â”€â”€â”€â”€â”¼â”€â”€â”€â”€â”€â”€â”€â”€â”€â”€â”¼â”€â”€â”€â”€â”€â”€â”€â”€â”€â”€â”€â”€â”€â”€â”¼â”€â”€â”€â”€â”€â”€â”€â”€â”€â”€â”€â”€â”€â”€â”€â”€â”€â”€â”€â”¼â”€â”€â”€â”€â”€â”€â”€â”€â”€â”€â”€â”€â”€â”€â”€â”€â”€â”€â”€â”¼â”€â”€â”€â”€â”€â”€â”€â”€â”€â”€â”€â”€â”€â”€â”€â”€â”€â”€â”€â”€â”€â”€â”€â”€â”€â”€â”€â”€â”€â”€â”€â”€â”€â”€â”€â”€â”€â”€â”€â”€â”€â”€â”€â”€â”€â”€â”€â”€â”€â”€â”€â”€â”€â”€â”€â”€â”€â”€â”€â”€â”€â”€â”¤
â”‚ pam                    â”‚ CVE-2025-6020  â”‚ HIGH     â”‚ fixed        â”‚ 1.5.1-25.el9_6    â”‚ 1.5.1-26.el9_6    â”‚ linux-pam: Linux-pam directory Traversal                     â”‚
â”‚                        â”‚                â”‚          â”‚              â”‚                   â”‚                   â”‚ https://avd.aquasec.com/nvd/cve-2025-6020                    â”‚
â”‚                        â”œâ”€â”€â”€â”€â”€â”€â”€â”€â”€â”€â”€â”€â”€â”€â”€â”€â”¤          â”‚              â”‚                   â”‚                   â”œâ”€â”€â”€â”€â”€â”€â”€â”€â”€â”€â”€â”€â”€â”€â”€â”€â”€â”€â”€â”€â”€â”€â”€â”€â”€â”€â”€â”€â”€â”€â”€â”€â”€â”€â”€â”€â”€â”€â”€â”€â”€â”€â”€â”€â”€â”€â”€â”€â”€â”€â”€â”€â”€â”€â”€â”€â”€â”€â”€â”€â”€â”€â”¤
â”‚                        â”‚ CVE-2025-8941  â”‚          â”‚              â”‚                   â”‚                   â”‚ linux-pam: Incomplete fix for CVE-2025-6020                  â”‚
â”‚                        â”‚                â”‚          â”‚              â”‚                   â”‚                   â”‚ https://avd.aquasec.com/nvd/cve-2025-8941                    â”‚
â”œâ”€â”€â”€â”€â”€â”€â”€â”€â”€â”€â”€â”€â”€â”€â”€â”€â”€â”€â”€â”€â”€â”€â”€â”€â”¼â”€â”€â”€â”€â”€â”€â”€â”€â”€â”€â”€â”€â”€â”€â”€â”€â”¼â”€â”€â”€â”€â”€â”€â”€â”€â”€â”€â”¼â”€â”€â”€â”€â”€â”€â”€â”€â”€â”€â”€â”€â”€â”€â”¼â”€â”€â”€â”€â”€â”€â”€â”€â”€â”€â”€â”€â”€â”€â”€â”€â”€â”€â”€â”¼â”€â”€â”€â”€â”€â”€â”€â”€â”€â”€â”€â”€â”€â”€â”€â”€â”€â”€â”€â”¼â”€â”€â”€â”€â”€â”€â”€â”€â”€â”€â”€â”€â”€â”€â”€â”€â”€â”€â”€â”€â”€â”€â”€â”€â”€â”€â”€â”€â”€â”€â”€â”€â”€â”€â”€â”€â”€â”€â”€â”€â”€â”€â”€â”€â”€â”€â”€â”€â”€â”€â”€â”€â”€â”€â”€â”€â”€â”€â”€â”€â”€â”€â”¤
â”‚ systemd                â”‚ CVE-2025-4598  â”‚ MEDIUM   â”‚ affected     â”‚ 252-51.el9_6.1    â”‚                   â”‚ systemd-coredump: race condition that allows a local         â”‚
â”‚                        â”‚                â”‚          â”‚              â”‚                   â”‚                   â”‚ attacker to crash a SUID...                                  â”‚
â”‚                        â”‚                â”‚          â”‚              â”‚                   â”‚                   â”‚ https://avd.aquasec.com/nvd/cve-2025-4598                    â”‚
â”œâ”€â”€â”€â”€â”€â”€â”€â”€â”€â”€â”€â”€â”€â”€â”€â”€â”€â”€â”€â”€â”€â”€â”€â”€â”¤                â”‚          â”‚              â”‚                   â”œâ”€â”€â”€â”€â”€â”€â”€â”€â”€â”€â”€â”€â”€â”€â”€â”€â”€â”€â”€â”¤                                                              â”‚
â”‚ systemd-libs           â”‚                â”‚          â”‚              â”‚                   â”‚                   â”‚                                                              â”‚
â”‚                        â”‚                â”‚          â”‚              â”‚                   â”‚                   â”‚                                                              â”‚
â”‚                        â”‚                â”‚          â”‚              â”‚                   â”‚                   â”‚                                                              â”‚
â”œâ”€â”€â”€â”€â”€â”€â”€â”€â”€â”€â”€â”€â”€â”€â”€â”€â”€â”€â”€â”€â”€â”€â”€â”€â”¤                â”‚          â”‚              â”‚                   â”œâ”€â”€â”€â”€â”€â”€â”€â”€â”€â”€â”€â”€â”€â”€â”€â”€â”€â”€â”€â”¤                                                              â”‚
â”‚ systemd-pam            â”‚                â”‚          â”‚              â”‚                   â”‚                   â”‚                                                              â”‚
â”‚                        â”‚                â”‚          â”‚              â”‚                   â”‚                   â”‚                                                              â”‚
â”‚                        â”‚                â”‚          â”‚              â”‚                   â”‚                   â”‚                                                              â”‚
â”œâ”€â”€â”€â”€â”€â”€â”€â”€â”€â”€â”€â”€â”€â”€â”€â”€â”€â”€â”€â”€â”€â”€â”€â”€â”¤                â”‚          â”‚              â”‚                   â”œâ”€â”€â”€â”€â”€â”€â”€â”€â”€â”€â”€â”€â”€â”€â”€â”€â”€â”€â”€â”¤                                                              â”‚
â”‚ systemd-rpm-macros     â”‚                â”‚          â”‚              â”‚                   â”‚                   â”‚                                                              â”‚
â”‚                        â”‚                â”‚          â”‚              â”‚                   â”‚                   â”‚                                                              â”‚
â”‚                        â”‚                â”‚          â”‚              â”‚                   â”‚                   â”‚                                                              â”‚
â”œâ”€â”€â”€â”€â”€â”€â”€â”€â”€â”€â”€â”€â”€â”€â”€â”€â”€â”€â”€â”€â”€â”€â”€â”€â”¼â”€â”€â”€â”€â”€â”€â”€â”€â”€â”€â”€â”€â”€â”€â”€â”€â”¤          â”œâ”€â”€â”€â”€â”€â”€â”€â”€â”€â”€â”€â”€â”€â”€â”¼â”€â”€â”€â”€â”€â”€â”€â”€â”€â”€â”€â”€â”€â”€â”€â”€â”€â”€â”€â”¼â”€â”€â”€â”€â”€â”€â”€â”€â”€â”€â”€â”€â”€â”€â”€â”€â”€â”€â”€â”¼â”€â”€â”€â”€â”€â”€â”€â”€â”€â”€â”€â”€â”€â”€â”€â”€â”€â”€â”€â”€â”€â”€â”€â”€â”€â”€â”€â”€â”€â”€â”€â”€â”€â”€â”€â”€â”€â”€â”€â”€â”€â”€â”€â”€â”€â”€â”€â”€â”€â”€â”€â”€â”€â”€â”€â”€â”€â”€â”€â”€â”€â”€â”¤
â”‚ tar                    â”‚ CVE-2005-2541  â”‚          â”‚ will_not_fix â”‚ 2:1.34-7.el9      â”‚                   â”‚ tar: does not properly warn the user when extracting setuid  â”‚
â”‚                        â”‚                â”‚          â”‚              â”‚                   â”‚                   â”‚ or setgid...                                                 â”‚
â”‚                        â”‚                â”‚          â”‚              â”‚                   â”‚                   â”‚ https://avd.aquasec.com/nvd/cve-2005-2541                    â”‚
â”‚                        â”œâ”€â”€â”€â”€â”€â”€â”€â”€â”€â”€â”€â”€â”€â”€â”€â”€â”¤          â”œâ”€â”€â”€â”€â”€â”€â”€â”€â”€â”€â”€â”€â”€â”€â”¤                   â”œâ”€â”€â”€â”€â”€â”€â”€â”€â”€â”€â”€â”€â”€â”€â”€â”€â”€â”€â”€â”¼â”€â”€â”€â”€â”€â”€â”€â”€â”€â”€â”€â”€â”€â”€â”€â”€â”€â”€â”€â”€â”€â”€â”€â”€â”€â”€â”€â”€â”€â”€â”€â”€â”€â”€â”€â”€â”€â”€â”€â”€â”€â”€â”€â”€â”€â”€â”€â”€â”€â”€â”€â”€â”€â”€â”€â”€â”€â”€â”€â”€â”€â”€â”¤
â”‚                        â”‚ CVE-2025-45582 â”‚          â”‚ affected     â”‚                   â”‚                   â”‚ tar: Tar path traversal                                      â”‚
â”‚                        â”‚                â”‚          â”‚              â”‚                   â”‚                   â”‚ https://avd.aquasec.com/nvd/cve-2025-45582                   â”‚
â”œâ”€â”€â”€â”€â”€â”€â”€â”€â”€â”€â”€â”€â”€â”€â”€â”€â”€â”€â”€â”€â”€â”€â”€â”€â”¼â”€â”€â”€â”€â”€â”€â”€â”€â”€â”€â”€â”€â”€â”€â”€â”€â”¤          â”‚              â”œâ”€â”€â”€â”€â”€â”€â”€â”€â”€â”€â”€â”€â”€â”€â”€â”€â”€â”€â”€â”¼â”€â”€â”€â”€â”€â”€â”€â”€â”€â”€â”€â”€â”€â”€â”€â”€â”€â”€â”€â”¼â”€â”€â”€â”€â”€â”€â”€â”€â”€â”€â”€â”€â”€â”€â”€â”€â”€â”€â”€â”€â”€â”€â”€â”€â”€â”€â”€â”€â”€â”€â”€â”€â”€â”€â”€â”€â”€â”€â”€â”€â”€â”€â”€â”€â”€â”€â”€â”€â”€â”€â”€â”€â”€â”€â”€â”€â”€â”€â”€â”€â”€â”€â”¤
â”‚ wget                   â”‚ CVE-2021-31879 â”‚          â”‚              â”‚ 1.21.1-8.el9_4    â”‚                   â”‚ wget: authorization header disclosure on redirect            â”‚
â”‚                        â”‚                â”‚          â”‚              â”‚                   â”‚                   â”‚ https://avd.aquasec.com/nvd/cve-2021-31879                   â”‚
â”‚                        â”œâ”€â”€â”€â”€â”€â”€â”€â”€â”€â”€â”€â”€â”€â”€â”€â”€â”¤          â”‚              â”‚                   â”œâ”€â”€â”€â”€â”€â”€â”€â”€â”€â”€â”€â”€â”€â”€â”€â”€â”€â”€â”€â”¼â”€â”€â”€â”€â”€â”€â”€â”€â”€â”€â”€â”€â”€â”€â”€â”€â”€â”€â”€â”€â”€â”€â”€â”€â”€â”€â”€â”€â”€â”€â”€â”€â”€â”€â”€â”€â”€â”€â”€â”€â”€â”€â”€â”€â”€â”€â”€â”€â”€â”€â”€â”€â”€â”€â”€â”€â”€â”€â”€â”€â”€â”€â”¤
â”‚                        â”‚ CVE-2024-10524 â”‚          â”‚              â”‚                   â”‚                   â”‚ wget: GNU Wget is vulnerable to an SSRF attack when          â”‚
â”‚                        â”‚                â”‚          â”‚              â”‚                   â”‚                   â”‚ accessing partially-user-controlled...                       â”‚
â”‚                        â”‚                â”‚          â”‚              â”‚                   â”‚                   â”‚ https://avd.aquasec.com/nvd/cve-2024-10524                   â”‚
â””â”€â”€â”€â”€â”€â”€â”€â”€â”€â”€â”€â”€â”€â”€â”€â”€â”€â”€â”€â”€â”€â”€â”€â”€â”´â”€â”€â”€â”€â”€â”€â”€â”€â”€â”€â”€â”€â”€â”€â”€â”€â”´â”€â”€â”€â”€â”€â”€â”€â”€â”€â”€â”´â”€â”€â”€â”€â”€â”€â”€â”€â”€â”€â”€â”€â”€â”€â”´â”€â”€â”€â”€â”€â”€â”€â”€â”€â”€â”€â”€â”€â”€â”€â”€â”€â”€â”€â”´â”€â”€â”€â”€â”€â”€â”€â”€â”€â”€â”€â”€â”€â”€â”€â”€â”€â”€â”€â”´â”€â”€â”€â”€â”€â”€â”€â”€â”€â”€â”€â”€â”€â”€â”€â”€â”€â”€â”€â”€â”€â”€â”€â”€â”€â”€â”€â”€â”€â”€â”€â”€â”€â”€â”€â”€â”€â”€â”€â”€â”€â”€â”€â”€â”€â”€â”€â”€â”€â”€â”€â”€â”€â”€â”€â”€â”€â”€â”€â”€â”€â”€â”˜

Java (jar)
==========
Total: 5 (MEDIUM: 2, HIGH: 3, CRITICAL: 0)

â”Œâ”€â”€â”€â”€â”€â”€â”€â”€â”€â”€â”€â”€â”€â”€â”€â”€â”€â”€â”€â”€â”€â”€â”€â”€â”€â”€â”€â”€â”€â”€â”€â”€â”€â”€â”€â”€â”€â”€â”€â”€â”€â”€â”€â”€â”€â”€â”€â”€â”€â”€â”€â”€â”€â”€â”€â”€â”€â”€â”€â”€â”€â”¬â”€â”€â”€â”€â”€â”€â”€â”€â”€â”€â”€â”€â”€â”€â”€â”€â”€â”€â”€â”€â”€â”¬â”€â”€â”€â”€â”€â”€â”€â”€â”€â”€â”¬â”€â”€â”€â”€â”€â”€â”€â”€â”¬â”€â”€â”€â”€â”€â”€â”€â”€â”€â”€â”€â”€â”€â”€â”€â”€â”€â”€â”€â”¬â”€â”€â”€â”€â”€â”€â”€â”€â”€â”€â”€â”€â”€â”€â”€â”¬â”€â”€â”€â”€â”€â”€â”€â”€â”€â”€â”€â”€â”€â”€â”€â”€â”€â”€â”€â”€â”€â”€â”€â”€â”€â”€â”€â”€â”€â”€â”€â”€â”€â”€â”€â”€â”€â”€â”€â”€â”€â”€â”€â”€â”€â”€â”€â”€â”€â”€â”€â”€â”€â”€â”€â”€â”€â”€â”€â”€â”€â”€â”
â”‚                           Library                           â”‚    Vulnerability    â”‚ Severity â”‚ Status â”‚ Installed Version â”‚ Fixed Version â”‚                            Title                             â”‚
â”œâ”€â”€â”€â”€â”€â”€â”€â”€â”€â”€â”€â”€â”€â”€â”€â”€â”€â”€â”€â”€â”€â”€â”€â”€â”€â”€â”€â”€â”€â”€â”€â”€â”€â”€â”€â”€â”€â”€â”€â”€â”€â”€â”€â”€â”€â”€â”€â”€â”€â”€â”€â”€â”€â”€â”€â”€â”€â”€â”€â”€â”€â”¼â”€â”€â”€â”€â”€â”€â”€â”€â”€â”€â”€â”€â”€â”€â”€â”€â”€â”€â”€â”€â”€â”¼â”€â”€â”€â”€â”€â”€â”€â”€â”€â”€â”¼â”€â”€â”€â”€â”€â”€â”€â”€â”¼â”€â”€â”€â”€â”€â”€â”€â”€â”€â”€â”€â”€â”€â”€â”€â”€â”€â”€â”€â”¼â”€â”€â”€â”€â”€â”€â”€â”€â”€â”€â”€â”€â”€â”€â”€â”¼â”€â”€â”€â”€â”€â”€â”€â”€â”€â”€â”€â”€â”€â”€â”€â”€â”€â”€â”€â”€â”€â”€â”€â”€â”€â”€â”€â”€â”€â”€â”€â”€â”€â”€â”€â”€â”€â”€â”€â”€â”€â”€â”€â”€â”€â”€â”€â”€â”€â”€â”€â”€â”€â”€â”€â”€â”€â”€â”€â”€â”€â”€â”¤
â”‚ io.minio:minio (app.jar)                                    â”‚ GHSA-h7rh-xfpj-hpcm â”‚ HIGH     â”‚ fixed  â”‚ 8.5.17            â”‚ 8.6.0         â”‚ MinIO Java Client XML Tag Value Substitution Vulnerability   â”‚
â”‚                                                             â”‚                     â”‚          â”‚        â”‚                   â”‚               â”‚ https://github.com/advisories/GHSA-h7rh-xfpj-hpcm            â”‚
â”œâ”€â”€â”€â”€â”€â”€â”€â”€â”€â”€â”€â”€â”€â”€â”€â”€â”€â”€â”€â”€â”€â”€â”€â”€â”€â”€â”€â”€â”€â”€â”€â”€â”€â”€â”€â”€â”€â”€â”€â”€â”€â”€â”€â”€â”€â”€â”€â”€â”€â”€â”€â”€â”€â”€â”€â”€â”€â”€â”€â”€â”€â”¼â”€â”€â”€â”€â”€â”€â”€â”€â”€â”€â”€â”€â”€â”€â”€â”€â”€â”€â”€â”€â”€â”¼â”€â”€â”€â”€â”€â”€â”€â”€â”€â”€â”¤        â”œâ”€â”€â”€â”€â”€â”€â”€â”€â”€â”€â”€â”€â”€â”€â”€â”€â”€â”€â”€â”¼â”€â”€â”€â”€â”€â”€â”€â”€â”€â”€â”€â”€â”€â”€â”€â”¼â”€â”€â”€â”€â”€â”€â”€â”€â”€â”€â”€â”€â”€â”€â”€â”€â”€â”€â”€â”€â”€â”€â”€â”€â”€â”€â”€â”€â”€â”€â”€â”€â”€â”€â”€â”€â”€â”€â”€â”€â”€â”€â”€â”€â”€â”€â”€â”€â”€â”€â”€â”€â”€â”€â”€â”€â”€â”€â”€â”€â”€â”€â”¤
â”‚ io.netty:netty-codec (app.jar)                              â”‚ CVE-2025-58057      â”‚ MEDIUM   â”‚        â”‚ 4.1.124.Final     â”‚ 4.1.125.Final â”‚ netty-codec: netty-codec-compression: Netty's BrotliDecoder  â”‚
â”‚                                                             â”‚                     â”‚          â”‚        â”‚                   â”‚               â”‚ is vulnerable to DoS via zip bomb style...                   â”‚
â”‚                                                             â”‚                     â”‚          â”‚        â”‚                   â”‚               â”‚ https://avd.aquasec.com/nvd/cve-2025-58057                   â”‚
â”œâ”€â”€â”€â”€â”€â”€â”€â”€â”€â”€â”€â”€â”€â”€â”€â”€â”€â”€â”€â”€â”€â”€â”€â”€â”€â”€â”€â”€â”€â”€â”€â”€â”€â”€â”€â”€â”€â”€â”€â”€â”€â”€â”€â”€â”€â”€â”€â”€â”€â”€â”€â”€â”€â”€â”€â”€â”€â”€â”€â”€â”€â”¼â”€â”€â”€â”€â”€â”€â”€â”€â”€â”€â”€â”€â”€â”€â”€â”€â”€â”€â”€â”€â”€â”¤          â”‚        â”œâ”€â”€â”€â”€â”€â”€â”€â”€â”€â”€â”€â”€â”€â”€â”€â”€â”€â”€â”€â”¼â”€â”€â”€â”€â”€â”€â”€â”€â”€â”€â”€â”€â”€â”€â”€â”¼â”€â”€â”€â”€â”€â”€â”€â”€â”€â”€â”€â”€â”€â”€â”€â”€â”€â”€â”€â”€â”€â”€â”€â”€â”€â”€â”€â”€â”€â”€â”€â”€â”€â”€â”€â”€â”€â”€â”€â”€â”€â”€â”€â”€â”€â”€â”€â”€â”€â”€â”€â”€â”€â”€â”€â”€â”€â”€â”€â”€â”€â”€â”¤
â”‚ org.apache.commons:commons-lang3 (app.jar)                  â”‚ CVE-2025-48924      â”‚          â”‚        â”‚ 3.17.0            â”‚ 3.18.0        â”‚ commons-lang/commons-lang: org.apache.commons/commons-lang3: â”‚
â”‚                                                             â”‚                     â”‚          â”‚        â”‚                   â”‚               â”‚ Uncontrolled Recursion vulnerability in Apache Commons Lang  â”‚
â”‚                                                             â”‚                     â”‚          â”‚        â”‚                   â”‚               â”‚ https://avd.aquasec.com/nvd/cve-2025-48924                   â”‚
â”œâ”€â”€â”€â”€â”€â”€â”€â”€â”€â”€â”€â”€â”€â”€â”€â”€â”€â”€â”€â”€â”€â”€â”€â”€â”€â”€â”€â”€â”€â”€â”€â”€â”€â”€â”€â”€â”€â”€â”€â”€â”€â”€â”€â”€â”€â”€â”€â”€â”€â”€â”€â”€â”€â”€â”€â”€â”€â”€â”€â”€â”€â”¼â”€â”€â”€â”€â”€â”€â”€â”€â”€â”€â”€â”€â”€â”€â”€â”€â”€â”€â”€â”€â”€â”¼â”€â”€â”€â”€â”€â”€â”€â”€â”€â”€â”¤        â”œâ”€â”€â”€â”€â”€â”€â”€â”€â”€â”€â”€â”€â”€â”€â”€â”€â”€â”€â”€â”¼â”€â”€â”€â”€â”€â”€â”€â”€â”€â”€â”€â”€â”€â”€â”€â”¼â”€â”€â”€â”€â”€â”€â”€â”€â”€â”€â”€â”€â”€â”€â”€â”€â”€â”€â”€â”€â”€â”€â”€â”€â”€â”€â”€â”€â”€â”€â”€â”€â”€â”€â”€â”€â”€â”€â”€â”€â”€â”€â”€â”€â”€â”€â”€â”€â”€â”€â”€â”€â”€â”€â”€â”€â”€â”€â”€â”€â”€â”€â”¤
â”‚ org.springframework.security:spring-security-core (app.jar) â”‚ CVE-2025-41248      â”‚ HIGH     â”‚        â”‚ 6.5.3             â”‚ 6.4.10, 6.5.4 â”‚ org.springframework.security/spring-security-core: Spring    â”‚
â”‚                                                             â”‚                     â”‚          â”‚        â”‚                   â”‚               â”‚ Security authorization bypass                                â”‚
â”‚                                                             â”‚                     â”‚          â”‚        â”‚                   â”‚               â”‚ https://avd.aquasec.com/nvd/cve-2025-41248                   â”‚
â”œâ”€â”€â”€â”€â”€â”€â”€â”€â”€â”€â”€â”€â”€â”€â”€â”€â”€â”€â”€â”€â”€â”€â”€â”€â”€â”€â”€â”€â”€â”€â”€â”€â”€â”€â”€â”€â”€â”€â”€â”€â”€â”€â”€â”€â”€â”€â”€â”€â”€â”€â”€â”€â”€â”€â”€â”€â”€â”€â”€â”€â”€â”¼â”€â”€â”€â”€â”€â”€â”€â”€â”€â”€â”€â”€â”€â”€â”€â”€â”€â”€â”€â”€â”€â”¤          â”‚        â”œâ”€â”€â”€â”€â”€â”€â”€â”€â”€â”€â”€â”€â”€â”€â”€â”€â”€â”€â”€â”¼â”€â”€â”€â”€â”€â”€â”€â”€â”€â”€â”€â”€â”€â”€â”€â”¼â”€â”€â”€â”€â”€â”€â”€â”€â”€â”€â”€â”€â”€â”€â”€â”€â”€â”€â”€â”€â”€â”€â”€â”€â”€â”€â”€â”€â”€â”€â”€â”€â”€â”€â”€â”€â”€â”€â”€â”€â”€â”€â”€â”€â”€â”€â”€â”€â”€â”€â”€â”€â”€â”€â”€â”€â”€â”€â”€â”€â”€â”€â”¤
â”‚ org.springframework:spring-core (app.jar)                   â”‚ CVE-2025-41249      â”‚          â”‚        â”‚ 6.2.10            â”‚ 6.2.11        â”‚ org.springframework/spring-core: Spring Framework Annotation â”‚
â”‚                                                             â”‚                     â”‚          â”‚        â”‚                   â”‚               â”‚ Detection Vulnerability                                      â”‚
â”‚                                                             â”‚                     â”‚          â”‚        â”‚                   â”‚               â”‚ https://avd.aquasec.com/nvd/cve-2025-41249                   â”‚
â””â”€â”€â”€â”€â”€â”€â”€â”€â”€â”€â”€â”€â”€â”€â”€â”€â”€â”€â”€â”€â”€â”€â”€â”€â”€â”€â”€â”€â”€â”€â”€â”€â”€â”€â”€â”€â”€â”€â”€â”€â”€â”€â”€â”€â”€â”€â”€â”€â”€â”€â”€â”€â”€â”€â”€â”€â”€â”€â”€â”€â”€â”´â”€â”€â”€â”€â”€â”€â”€â”€â”€â”€â”€â”€â”€â”€â”€â”€â”€â”€â”€â”€â”€â”´â”€â”€â”€â”€â”€â”€â”€â”€â”€â”€â”´â”€â”€â”€â”€â”€â”€â”€â”€â”´â”€â”€â”€â”€â”€â”€â”€â”€â”€â”€â”€â”€â”€â”€â”€â”€â”€â”€â”€â”´â”€â”€â”€â”€â”€â”€â”€â”€â”€â”€â”€â”€â”€â”€â”€â”´â”€â”€â”€â”€â”€â”€â”€â”€â”€â”€â”€â”€â”€â”€â”€â”€â”€â”€â”€â”€â”€â”€â”€â”€â”€â”€â”€â”€â”€â”€â”€â”€â”€â”€â”€â”€â”€â”€â”€â”€â”€â”€â”€â”€â”€â”€â”€â”€â”€â”€â”€â”€â”€â”€â”€â”€â”€â”€â”€â”€â”€â”€â”˜
[Pipeline] }
[Pipeline] // container
[Pipeline] }
[Pipeline] // stage
[Pipeline] stage
[Pipeline] { (docker push)
[Pipeline] container
[Pipeline] {
[Pipeline] sh
+ docker push registry.stx/tasklist:0.0.1
The push refers to repository [registry.stx/tasklist]
a6e874b87762: Preparing
38bbe8e2760b: Preparing
0690ec1ca6c3: Preparing
30a08a01fd9c: Preparing
7c318dac0e31: Preparing
9d26cc12af44: Preparing
9d26cc12af44: Waiting
7c318dac0e31: Layer already exists
0690ec1ca6c3: Layer already exists
38bbe8e2760b: Layer already exists
30a08a01fd9c: Layer already exists
9d26cc12af44: Layer already exists
a6e874b87762: Pushed
0.0.1: digest: sha256:217357fad0f49c2564ccda5abc92cdc4fb3bee6a1b43813258bfa9e21f49874e size: 1580
[Pipeline] }
[Pipeline] // container
[Pipeline] }
[Pipeline] // stage
[Pipeline] stage
[Pipeline] { (helm & kubectl)
[Pipeline] container
[Pipeline] {
[Pipeline] withCredentials
Masking supported pattern matches of $KUBECONFIG
[Pipeline] {
[Pipeline] sh
+ pwd
/home/jenkins/agent/workspace/demo-tasklist
[Pipeline] sh
+ ls -a
.
..
.env.example
.git
.gitignore
Dockerfile
Jenkinsfile
Makefile
README.md
docker-compose.yaml
docs
maven-settings.xml
owast.md
pom.xml
src
style.xml
target
trivy-output.txt
[Pipeline] sh
+ helm version
version.BuildInfo{Version:"v3.12.2", GitCommit:"1e210a2c8cc5117d1055bfaa5d40f51bbc2e345e", GitTreeState:"clean", GoVersion:"go1.20.5"}
[Pipeline] sh
+ kubectl version --short
Flag --short has been deprecated, and will be removed in the future. The --short output will become the default.
Client Version: v1.24.16
Kustomize Version: v4.5.4
Server Version: v1.24.17
[Pipeline] }
[Pipeline] // withCredentials
[Pipeline] }
[Pipeline] // container
[Pipeline] }
[Pipeline] // stage
[Pipeline] }
[Pipeline] // withEnv
[Pipeline] }
[Pipeline] // withEnv
[Pipeline] }
[Pipeline] // node
[Pipeline] }
[Pipeline] // podTemplate
[Pipeline] End of Pipeline
Finished: SUCCESS
